Build started 4/1/2023 4:44:37 AM.
     1>Project "C:\sourceproject\halflife2chaos\sp\src\game\client\client_hl2.vcxproj" on node 4 (Build target(s)).
     1>PreBuildEvent:
         if EXIST ..\..\..\game\mod_hl2\bin\.\client.dll for /f "delims=" %%A in ('attrib "..\..\..\game\mod_hl2\bin\.\client.dll"') do set valveTmpIsReadOnly="%%A"
         set valveTmpIsReadOnlyLetter=%valveTmpIsReadOnly:~6,1%
         if "%valveTmpIsReadOnlyLetter%"=="R" del /q "C:\sourceproject\halflife2chaos\sp\src\game\client\Release_mod_hl2\"client.dll
         if exist "..\..\devtools\bin\vpc.exe" "..\..\devtools\bin\vpc.exe" -crc2 "client_hl2.vcxproj"
         if ERRORLEVEL 1 exit /b 1
         
         :VCEnd
       Link:
         client_hl2.vcxproj -> C:\sourceproject\halflife2chaos\sp\src\game\client\.\Release_mod_hl2\client.dll
       PostBuildEvent:
         if not exist "C:\Program Files (x86)\Steam\steamapps\sourcemods\hl2chaos\bin\." mkdir "C:\Program Files (x86)\Steam\steamapps\sourcemods\hl2chaos\bin\."
         copy "C:\sourceproject\halflife2chaos\sp\src\game\client\Release_mod_hl2\client.dll" "C:\Program Files (x86)\Steam\steamapps\sourcemods\hl2chaos\bin\.\client.dll"
         if ERRORLEVEL 1 goto BuildEventFailed
         if exist "C:\sourceproject\halflife2chaos\sp\src\game\client\Release_mod_hl2\client.map" copy "C:\sourceproject\halflife2chaos\sp\src\game\client\Release_mod_hl2\client.map" "C:\Program Files (x86)\Steam\steamapps\sourcemods\hl2chaos\bin\.\client.map"
         copy "C:\sourceproject\halflife2chaos\sp\src\game\client\Release_mod_hl2\client.pdb" "C:\Program Files (x86)\Steam\steamapps\sourcemods\hl2chaos\bin\.\client.pdb"
         if ERRORLEVEL 1 goto BuildEventFailed
         goto BuildEventOK
         :BuildEventFailed
         echo *** ERROR! PostBuildStep FAILED for Client (HL2)! EXE or DLL is probably running. ***
         del /q "C:\sourceproject\halflife2chaos\sp\src\game\client\Release_mod_hl2\client.dll"
         exit 1
         :BuildEventOK
         :VCEnd
                 1 file(s) copied.
                 1 file(s) copied.
     1>Done Building Project "C:\sourceproject\halflife2chaos\sp\src\game\client\client_hl2.vcxproj" (Build target(s)).

Build succeeded.

Time Elapsed 00:00:00.58
