Build started 4/1/2023 4:45:19 AM.
     1>Project "C:\sourceproject\halflife2chaos\sp\src\game\server\server_hl2.vcxproj" on node 2 (Build target(s)).
     1>PreBuildEvent:
         if EXIST ..\..\..\game\mod_hl2\bin\.\server.dll for /f "delims=" %%A in ('attrib "..\..\..\game\mod_hl2\bin\.\server.dll"') do set valveTmpIsReadOnly="%%A"
         set valveTmpIsReadOnlyLetter=%valveTmpIsReadOnly:~6,1%
         if "%valveTmpIsReadOnlyLetter%"=="R" del /q "C:\sourceproject\halflife2chaos\sp\src\game\server\Release_mod_hl2\"server.dll
         if exist "..\..\devtools\bin\vpc.exe" "..\..\devtools\bin\vpc.exe" -crc2 "server_hl2.vcxproj"
         if ERRORLEVEL 1 exit /b 1
         
         :VCEnd
       ClCompile:
         C:\Program Files (x86)\Microsoft Visual Studio 12.0\VC\bin\CL.exe /c /I..\..\common /I..\..\public /I..\..\public\tier0 /I..\..\public\tier1 /I..\..\game\server\generated_proto_mod_hl2 /I"..\..\thirdparty\protobuf-2.3.0\src" /I.\ /I..\..\game\shared /I..\..\utils\common /I..\..\game\shared\econ /I..\..\game\server\NextBot /I..\..\game\shared\hl2 /I.\hl2 /Zi /nologo /W4 /WX /MP /O2 /Ob2 /Oi /Ot /Oy- /D VPC /D RAD_TELEMETRY_DISABLED /D WIN32 /D _WIN32 /D NDEBUG /D _WINDOWS /D _USRDLL /D _CRT_SECURE_NO_DEPRECATE /D _CRT_NONSTDC_NO_DEPRECATE /D _ALLOW_RUNTIME_LIBRARY_MISMATCH /D _ALLOW_ITERATOR_DEBUG_LEVEL_MISMATCH /D _ALLOW_MSC_VER_MISMATCH /D _USING_V110_SDK71_ /D _WINDLL /D _MBCS /D COMPILER_MSVC32 /D COMPILER_MSVC32 /D COMPILER_MSVC /D _DLL_EXT=.dll /D DLLNAME=server /D BINK_VIDEO /D AVI_VIDEO /D WMV_VIDEO /D DEV_BUILD /D FRAME_POINTER_OMISSION_DISABLED /D GAME_DLL /D VECTOR /D VERSION_SAFE_STEAM_API_INTERFACES /D PROTECTED_THINGS_ENABLE /D sprintf=use_Q_snprintf_instead_of_sprintf /D strncpy=use_Q_strncpy_instead /D _snprintf=use_Q_snprintf_instead /D fopen=dont_use_fopen /D HL2_DLL /D USES_SAVERESTORE /D _EXTERNAL_DLL_EXT=.dll /D VPCGAMECAPS=VALVE /D PROJECTDIR=C:\sourceproject\halflife2chaos\sp\src\game\server /D _DLL_EXT=.dll /D VPCGAME=valve /D SOURCE1=1 /GF /Gm- /MT /GS /Gy /arch:SSE /fp:fast /Zc:wchar_t /Zc:forScope /GR /Yu"cbase.h" /Fp".\Release_mod_hl2\server.pch" /Fo".\Release_mod_hl2\/" /Fd".\Release_mod_hl2\/vc120.pdb" /Gd /TP /wd4316 /analyze- /FC /errorReport:prompt /Zm200 /d2Zi+ /Gw hl2\hl2_player.cpp
         hl2_player.cpp
       Link:
         C:\Program Files (x86)\Microsoft Visual Studio 12.0\VC\bin\link.exe /ERRORREPORT:PROMPT /OUT:".\Release_mod_hl2\\server.dll" /INCREMENTAL:NO /NOLOGO /LIBPATH:..\..\lib\common\. /LIBPATH:..\..\lib\public\. shell32.lib user32.lib advapi32.lib gdi32.lib comdlg32.lib ole32.lib winmm.lib /NODEFAULTLIB:libc /NODEFAULTLIB:libcd /NODEFAULTLIB:libcmtd /MANIFEST:NO /DEBUG /PDB:".\Release_mod_hl2\/server.pdb" /SUBSYSTEM:WINDOWS,"5.01" /OPT:REF /OPT:NOICF /TLBID:1 /DYNAMICBASE:NO /NXCOMPAT /IMPLIB:".\Release_mod_hl2\server.lib" /MACHINE:X86 /SAFESEH:NO  /ignore:4221 /DLL .\Release_mod_hl2\\pointeroverride.obj
         .\Release_mod_hl2\/gamedll_replay.obj
         .\Release_mod_hl2\/achievement_saverestore.obj
         .\Release_mod_hl2\/achievementmgr.obj
         .\Release_mod_hl2\/achievements_hlx.obj
         .\Release_mod_hl2\/activitylist.obj
         .\Release_mod_hl2\/ai_activity.obj
         .\Release_mod_hl2\/ai_baseactor.obj
         .\Release_mod_hl2\/ai_basehumanoid.obj
         .\Release_mod_hl2\/ai_basenpc.obj
         .\Release_mod_hl2\/ai_basenpc_flyer.obj
         .\Release_mod_hl2\/ai_basenpc_flyer_new.obj
         .\Release_mod_hl2\/ai_basenpc_movement.obj
         .\Release_mod_hl2\/ai_basenpc_physicsflyer.obj
         .\Release_mod_hl2\/ai_basenpc_schedule.obj
         .\Release_mod_hl2\/ai_basenpc_squad.obj
         .\Release_mod_hl2\/ai_behavior.obj
         .\Release_mod_hl2\/ai_behavior_assault.obj
         .\Release_mod_hl2\/ai_behavior_fear.obj
         .\Release_mod_hl2\/ai_behavior_follow.obj
         .\Release_mod_hl2\/ai_behavior_lead.obj
         .\Release_mod_hl2\/ai_behavior_rappel.obj
         .\Release_mod_hl2\/ai_behavior_standoff.obj
         .\Release_mod_hl2\/ai_blended_movement.obj
         .\Release_mod_hl2\/ai_concommands.obj
         .\Release_mod_hl2\/ai_condition.obj
         .\Release_mod_hl2\/AI_Criteria.obj
         .\Release_mod_hl2\/ai_default.obj
         .\Release_mod_hl2\/ai_dynamiclink.obj
         .\Release_mod_hl2\/ai_event.obj
         .\Release_mod_hl2\/ai_eventresponse.obj
         .\Release_mod_hl2\/ai_goalentity.obj
         .\Release_mod_hl2\/ai_hint.obj
         .\Release_mod_hl2\/ai_hull.obj
         .\Release_mod_hl2\/ai_initutils.obj
         .\Release_mod_hl2\/AI_Interest_Target.obj
         .\Release_mod_hl2\/ai_link.obj
         .\Release_mod_hl2\/ai_localnavigator.obj
         .\Release_mod_hl2\/ai_looktarget.obj
         .\Release_mod_hl2\/ai_memory.obj
         .\Release_mod_hl2\/ai_motor.obj
         .\Release_mod_hl2\/ai_moveprobe.obj
         .\Release_mod_hl2\/ai_moveshoot.obj
         .\Release_mod_hl2\/ai_movesolver.obj
         .\Release_mod_hl2\/ai_namespaces.obj
         .\Release_mod_hl2\/ai_navigator.obj
         .\Release_mod_hl2\/ai_network.obj
         .\Release_mod_hl2\/ai_networkmanager.obj
         .\Release_mod_hl2\/ai_node.obj
         .\Release_mod_hl2\/ai_pathfinder.obj
         .\Release_mod_hl2\/ai_planesolver.obj
         .\Release_mod_hl2\/ai_playerally.obj
         .\Release_mod_hl2\/ai_relationship.obj
         .\Release_mod_hl2\/AI_ResponseSystem.obj
         .\Release_mod_hl2\/ai_route.obj
         .\Release_mod_hl2\/ai_saverestore.obj
         .\Release_mod_hl2\/ai_schedule.obj
         .\Release_mod_hl2\/ai_scriptconditions.obj
         .\Release_mod_hl2\/ai_senses.obj
         .\Release_mod_hl2\/ai_sentence.obj
         .\Release_mod_hl2\/ai_speech.obj
         .\Release_mod_hl2\/ai_speechfilter.obj
         .\Release_mod_hl2\/ai_squad.obj
         .\Release_mod_hl2\/ai_squadslot.obj
         .\Release_mod_hl2\/ai_tacticalservices.obj
         .\Release_mod_hl2\/ai_task.obj
         .\Release_mod_hl2\/ai_trackpather.obj
         .\Release_mod_hl2\/ai_utils.obj
         .\Release_mod_hl2\/ai_waypoint.obj
         .\Release_mod_hl2\/ammodef.obj
         .\Release_mod_hl2\/animation.obj
         .\Release_mod_hl2\/base_gameinterface.obj
         .\Release_mod_hl2\/base_playeranimstate.obj
         .\Release_mod_hl2\/base_transmit_proxy.obj
         .\Release_mod_hl2\/baseachievement.obj
         .\Release_mod_hl2\/baseanimating.obj
         .\Release_mod_hl2\/BaseAnimatingOverlay.obj
         .\Release_mod_hl2\/basecombatcharacter.obj
         .\Release_mod_hl2\/basecombatcharacter_shared.obj
         .\Release_mod_hl2\/basecombatweapon.obj
         .\Release_mod_hl2\/basecombatweapon_shared.obj
         .\Release_mod_hl2\/baseentity.obj
         .\Release_mod_hl2\/baseentity_shared.obj
         .\Release_mod_hl2\/baseflex.obj
         .\Release_mod_hl2\/basegrenade_concussion.obj
         .\Release_mod_hl2\/basegrenade_contact.obj
         .\Release_mod_hl2\/basegrenade_shared.obj
         .\Release_mod_hl2\/basegrenade_timed.obj
         .\Release_mod_hl2\/basemultiplayerplayer.obj
         .\Release_mod_hl2\/baseparticleentity.obj
         .\Release_mod_hl2\/baseplayer_shared.obj
         .\Release_mod_hl2\/baseprojectile.obj
         .\Release_mod_hl2\/baseviewmodel.obj
         .\Release_mod_hl2\/baseviewmodel_shared.obj
         .\Release_mod_hl2\/beam_shared.obj
         .\Release_mod_hl2\/bitstring.obj
         .\Release_mod_hl2\/bmodels.obj
         .\Release_mod_hl2\/bone_setup.obj
         .\Release_mod_hl2\/buttons.obj
         .\Release_mod_hl2\/cbase.obj
         .\Release_mod_hl2\/client.obj
         .\Release_mod_hl2\/collisionproperty.obj
         .\Release_mod_hl2\/collisionutils.obj
         .\Release_mod_hl2\/colorcorrection.obj
         .\Release_mod_hl2\/colorcorrectionvolume.obj
         .\Release_mod_hl2\/CommentarySystem.obj
         .\Release_mod_hl2\/controlentities.obj
         .\Release_mod_hl2\/cplane.obj
         .\Release_mod_hl2\/CRagdollMagnet.obj
         .\Release_mod_hl2\/damagemodifier.obj
         .\Release_mod_hl2\/death_pose.obj
         .\Release_mod_hl2\/debugoverlay_shared.obj
         .\Release_mod_hl2\/decals.obj
         .\Release_mod_hl2\/doors.obj
         .\Release_mod_hl2\/dt_send.obj
         .\Release_mod_hl2\/dt_utlvector_common.obj
         .\Release_mod_hl2\/dt_utlvector_send.obj
         .\Release_mod_hl2\/dynamiclight.obj
         .\Release_mod_hl2\/editor_sendcommand.obj
         .\Release_mod_hl2\/effect_dispatch_data.obj
         .\Release_mod_hl2\/effects.obj
         .\Release_mod_hl2\/EffectsServer.obj
         .\Release_mod_hl2\/ehandle.obj
         .\Release_mod_hl2\/entityblocker.obj
         .\Release_mod_hl2\/EntityDissolve.obj
         .\Release_mod_hl2\/EntityFlame.obj
         .\Release_mod_hl2\/entitylist.obj
         .\Release_mod_hl2\/entitylist_base.obj
         .\Release_mod_hl2\/EntityParticleTrail.obj
         .\Release_mod_hl2\/EntityParticleTrail_Shared.obj
         .\Release_mod_hl2\/env_debughistory.obj
         .\Release_mod_hl2\/env_detail_controller.obj
         .\Release_mod_hl2\/env_effectsscript.obj
         .\Release_mod_hl2\/env_entity_maker.obj
         .\Release_mod_hl2\/env_particlescript.obj
         .\Release_mod_hl2\/env_player_surface_trigger.obj
         .\Release_mod_hl2\/env_projectedtexture.obj
         .\Release_mod_hl2\/env_screenoverlay.obj
         .\Release_mod_hl2\/env_texturetoggle.obj
         .\Release_mod_hl2\/env_tonemap_controller.obj
         .\Release_mod_hl2\/env_wind_shared.obj
         .\Release_mod_hl2\/env_zoom.obj
         .\Release_mod_hl2\/EnvBeam.obj
         .\Release_mod_hl2\/EnvFade.obj
         .\Release_mod_hl2\/EnvHudHint.obj
         .\Release_mod_hl2\/EnvLaser.obj
         .\Release_mod_hl2\/EnvMessage.obj
         .\Release_mod_hl2\/envmicrophone.obj
         .\Release_mod_hl2\/EnvShake.obj
         .\Release_mod_hl2\/EnvSpark.obj
         .\Release_mod_hl2\/eventlist.obj
         .\Release_mod_hl2\/EventLog.obj
         .\Release_mod_hl2\/explode.obj
         .\Release_mod_hl2\/filesystem_helpers.obj
         .\Release_mod_hl2\/filters.obj
         .\Release_mod_hl2\/fire.obj
         .\Release_mod_hl2\/fire_smoke.obj
         .\Release_mod_hl2\/fish.obj
         .\Release_mod_hl2\/fogcontroller.obj
         .\Release_mod_hl2\/fourwheelvehiclephysics.obj
         .\Release_mod_hl2\/func_areaportal.obj
         .\Release_mod_hl2\/func_areaportalbase.obj
         .\Release_mod_hl2\/func_areaportalwindow.obj
         .\Release_mod_hl2\/func_break.obj
         .\Release_mod_hl2\/func_breakablesurf.obj
         .\Release_mod_hl2\/func_dust.obj
         .\Release_mod_hl2\/func_ladder.obj
         .\Release_mod_hl2\/func_ladder_endpoint.obj
         .\Release_mod_hl2\/func_lod.obj
         .\Release_mod_hl2\/Func_Monitor.obj
         .\Release_mod_hl2\/func_movelinear.obj
         .\Release_mod_hl2\/func_occluder.obj
         .\Release_mod_hl2\/func_reflective_glass.obj
         .\Release_mod_hl2\/func_smokevolume.obj
         .\Release_mod_hl2\/game.obj
         .\Release_mod_hl2\/game_ui.obj
         .\Release_mod_hl2\/gamehandle.obj
         .\Release_mod_hl2\/gameinterface.obj
         .\Release_mod_hl2\/gamemovement.obj
         .\Release_mod_hl2\/gamerules.obj
         .\Release_mod_hl2\/gamerules_register.obj
         .\Release_mod_hl2\/GameStats.obj
         .\Release_mod_hl2\/GameStats_BasicStatsFunctions.obj
         .\Release_mod_hl2\/gamestringpool.obj
         .\Release_mod_hl2\/gametrace_dll.obj
         .\Release_mod_hl2\/gamevars_shared.obj
         .\Release_mod_hl2\/gameweaponmanager.obj
         .\Release_mod_hl2\/genericactor.obj
         .\Release_mod_hl2\/genericmonster.obj
         .\Release_mod_hl2\/gib.obj
         .\Release_mod_hl2\/globals.obj
         .\Release_mod_hl2\/globalstate.obj
         .\Release_mod_hl2\/grenadethrown.obj
         .\Release_mod_hl2\/guntarget.obj
         .\Release_mod_hl2\/h_ai.obj
         .\Release_mod_hl2\/h_cycler.obj
         .\Release_mod_hl2\/h_export.obj
         .\Release_mod_hl2\/haptic_msgs.obj
         .\Release_mod_hl2\/haptic_utils.obj
         .\Release_mod_hl2\/hierarchy.obj
         .\Release_mod_hl2\/hintmessage.obj
         .\Release_mod_hl2\/hintsystem.obj
         .\Release_mod_hl2\/hltvdirector.obj
         .\Release_mod_hl2\/igamesystem.obj
         .\Release_mod_hl2\/info_camera_link.obj
         .\Release_mod_hl2\/info_overlay_accessor.obj
         .\Release_mod_hl2\/init_factory.obj
         .\Release_mod_hl2\/intermission.obj
         .\Release_mod_hl2\/interpolatortypes.obj
         .\Release_mod_hl2\/interval.obj
         .\Release_mod_hl2\/item_world.obj
         .\Release_mod_hl2\/keyframe.obj
         .\Release_mod_hl2\/language.obj
         .\Release_mod_hl2\/lightglow.obj
         .\Release_mod_hl2\/lights.obj
         .\Release_mod_hl2\/logic_achievement.obj
         .\Release_mod_hl2\/logic_measure_movement.obj
         .\Release_mod_hl2\/logic_navigation.obj
         .\Release_mod_hl2\/logicauto.obj
         .\Release_mod_hl2\/logicentities.obj
         .\Release_mod_hl2\/logicrelay.obj
         .\Release_mod_hl2\/map_utils.obj
         .\Release_mod_hl2\/mapentities.obj
         .\Release_mod_hl2\/mapentities_shared.obj
         .\Release_mod_hl2\/maprules.obj
         .\Release_mod_hl2\/MaterialModifyControl.obj
         .\Release_mod_hl2\/memoverride.obj
         .\Release_mod_hl2\/message_entity.obj
         .\Release_mod_hl2\/modelentities.obj
         .\Release_mod_hl2\/ModelSoundsCache.obj
         .\Release_mod_hl2\/monstermaker.obj
         .\Release_mod_hl2\/movehelper_server.obj
         .\Release_mod_hl2\/movement.obj
         .\Release_mod_hl2\/movevars_shared.obj
         .\Release_mod_hl2\/mp_shareddefs.obj
         .\Release_mod_hl2\/multiplay_gamerules.obj
         .\Release_mod_hl2\/ndebugoverlay.obj
         .\Release_mod_hl2\/networkvar.obj
         .\Release_mod_hl2\/npc_vehicledriver.obj
         .\Release_mod_hl2\/obstacle_pushaway.obj
         .\Release_mod_hl2\/particle_light.obj
         .\Release_mod_hl2\/particle_parse.obj
         .\Release_mod_hl2\/particle_system.obj
         .\Release_mod_hl2\/particlesystemquery.obj
         .\Release_mod_hl2\/pathcorner.obj
         .\Release_mod_hl2\/pathtrack.obj
         .\Release_mod_hl2\/phys_controller.obj
         .\Release_mod_hl2\/physconstraint.obj
         .\Release_mod_hl2\/physics.obj
         .\Release_mod_hl2\/physics_bone_follower.obj
         .\Release_mod_hl2\/physics_cannister.obj
         .\Release_mod_hl2\/physics_fx.obj
         .\Release_mod_hl2\/physics_impact_damage.obj
         .\Release_mod_hl2\/physics_main.obj
         .\Release_mod_hl2\/physics_main_shared.obj
         .\Release_mod_hl2\/physics_npc_solver.obj
         .\Release_mod_hl2\/physics_prop_ragdoll.obj
         .\Release_mod_hl2\/physics_saverestore.obj
         .\Release_mod_hl2\/physics_shared.obj
         .\Release_mod_hl2\/physobj.obj
         .\Release_mod_hl2\/player.obj
         .\Release_mod_hl2\/player_command.obj
         .\Release_mod_hl2\/player_lagcompensation.obj
         .\Release_mod_hl2\/player_pickup.obj
         .\Release_mod_hl2\/player_resource.obj
         .\Release_mod_hl2\/playerinfomanager.obj
         .\Release_mod_hl2\/playerlocaldata.obj
         .\Release_mod_hl2\/plugin_check.obj
         .\Release_mod_hl2\/point_bonusmaps_accessor.obj
         .\Release_mod_hl2\/point_camera.obj
         .\Release_mod_hl2\/point_devshot_camera.obj
         .\Release_mod_hl2\/point_playermoveconstraint.obj
         .\Release_mod_hl2\/point_posecontroller.obj
         .\Release_mod_hl2\/point_spotlight.obj
         .\Release_mod_hl2\/point_template.obj
         .\Release_mod_hl2\/pointanglesensor.obj
         .\Release_mod_hl2\/PointAngularVelocitySensor.obj
         .\Release_mod_hl2\/pointhurt.obj
         .\Release_mod_hl2\/pointteleport.obj
         .\Release_mod_hl2\/precache_register.obj
         .\Release_mod_hl2\/predictableid.obj
         .\Release_mod_hl2\/props.obj
         .\Release_mod_hl2\/props_shared.obj
         .\Release_mod_hl2\/querycache.obj
         .\Release_mod_hl2\/ragdoll_manager.obj
         .\Release_mod_hl2\/ragdoll_shared.obj
         .\Release_mod_hl2\/RagdollBoogie.obj
         .\Release_mod_hl2\/randoverride.obj
         .\Release_mod_hl2\/recipientfilter.obj
         .\Release_mod_hl2\/registry.obj
         .\Release_mod_hl2\/rope.obj
         .\Release_mod_hl2\/rope_helpers.obj
         .\Release_mod_hl2\/rope_physics.obj
         .\Release_mod_hl2\/saverestore.obj
         .\Release_mod_hl2\/saverestore_gamedll.obj
         .\Release_mod_hl2\/SceneCache.obj
         .\Release_mod_hl2\/sceneentity.obj
         .\Release_mod_hl2\/sceneentity_shared.obj
         .\Release_mod_hl2\/scratchpad3d.obj
         .\Release_mod_hl2\/scratchpad_gamedll_helpers.obj
         .\Release_mod_hl2\/ScratchPadUtils.obj
         .\Release_mod_hl2\/scripted.obj
         .\Release_mod_hl2\/scriptedtarget.obj
         .\Release_mod_hl2\/sendproxy.obj
         .\Release_mod_hl2\/sequence_Transitioner.obj
         .\Release_mod_hl2\/server_class.obj
         .\Release_mod_hl2\/serverbenchmark_base.obj
         .\Release_mod_hl2\/ServerNetworkProperty.obj
         .\Release_mod_hl2\/shadowcontrol.obj
         .\Release_mod_hl2\/sheetsimulator.obj
         .\Release_mod_hl2\/simple_physics.obj
         .\Release_mod_hl2\/simtimer.obj
         .\Release_mod_hl2\/singleplay_gamerules.obj
         .\Release_mod_hl2\/SkyCamera.obj
         .\Release_mod_hl2\/slideshow_display.obj
         .\Release_mod_hl2\/sound.obj
         .\Release_mod_hl2\/SoundEmitterSystem.obj
         .\Release_mod_hl2\/soundent.obj
         .\Release_mod_hl2\/soundenvelope.obj
         .\Release_mod_hl2\/SoundParametersInternal.obj
         .\Release_mod_hl2\/soundscape.obj
         .\Release_mod_hl2\/soundscape_system.obj
         .\Release_mod_hl2\/spotlightend.obj
         .\Release_mod_hl2\/Sprite.obj
         .\Release_mod_hl2\/sprite_perfmonitor.obj
         .\Release_mod_hl2\/stringregistry.obj
         .\Release_mod_hl2\/studio.obj
         .\Release_mod_hl2\/studio_shared.obj
         .\Release_mod_hl2\/subs.obj
         .\Release_mod_hl2\/sun.obj
         .\Release_mod_hl2\/survival_gamerules.obj
         .\Release_mod_hl2\/tactical_mission.obj
         .\Release_mod_hl2\/takedamageinfo.obj
         .\Release_mod_hl2\/tanktrain.obj
         .\Release_mod_hl2\/team.obj
         .\Release_mod_hl2\/team_spawnpoint.obj
         .\Release_mod_hl2\/teamplay_gamerules.obj
         .\Release_mod_hl2\/TemplateEntities.obj
         .\Release_mod_hl2\/tempmonster.obj
         .\Release_mod_hl2\/tesla.obj
         .\Release_mod_hl2\/test_ehandle.obj
         .\Release_mod_hl2\/test_proxytoggle.obj
         .\Release_mod_hl2\/test_stressentities.obj
         .\Release_mod_hl2\/testfunctions.obj
         .\Release_mod_hl2\/testtraceline.obj
         .\Release_mod_hl2\/textstatsmgr.obj
         .\Release_mod_hl2\/timedeventmgr.obj
         .\Release_mod_hl2\/trains.obj
         .\Release_mod_hl2\/triggers.obj
         .\Release_mod_hl2\/usercmd.obj
         .\Release_mod_hl2\/util.obj
         .\Release_mod_hl2\/util_shared.obj
         .\Release_mod_hl2\/variant_t.obj
         .\Release_mod_hl2\/vehicle_base.obj
         .\Release_mod_hl2\/vehicle_baseserver.obj
         .\Release_mod_hl2\/vehicle_choreo_generic.obj
         .\Release_mod_hl2\/vehicle_viewblend_shared.obj
         .\Release_mod_hl2\/vguiscreen.obj
         .\Release_mod_hl2\/voice_gamemgr.obj
         .\Release_mod_hl2\/vote_controller.obj
         .\Release_mod_hl2\/waterbullet.obj
         .\Release_mod_hl2\/WaterLODControl.obj
         .\Release_mod_hl2\/wcedit.obj
         .\Release_mod_hl2\/weapon_parse.obj
         .\Release_mod_hl2\/weapon_parse_default.obj
         .\Release_mod_hl2\/weapon_proficiency.obj
         .\Release_mod_hl2\/weight_button.obj
         .\Release_mod_hl2\/world.obj
         .\Release_mod_hl2\/achievements_hl2.obj
         .\Release_mod_hl2\/ai_allymanager.obj
         .\Release_mod_hl2\/ai_behavior_actbusy.obj
         .\Release_mod_hl2\/ai_behavior_functank.obj
         .\Release_mod_hl2\/ai_behavior_holster.obj
         .\Release_mod_hl2\/ai_behavior_operator.obj
         .\Release_mod_hl2\/ai_behavior_police.obj
         .\Release_mod_hl2\/ai_goal_police.obj
         .\Release_mod_hl2\/ai_spotlight.obj
         .\Release_mod_hl2\/antlion_dust.obj
         .\Release_mod_hl2\/antlion_maker.obj
         .\Release_mod_hl2\/ar2_explosion.obj
         .\Release_mod_hl2\/basebludgeonweapon.obj
         .\Release_mod_hl2\/basehlcombatweapon.obj
         .\Release_mod_hl2\/basehlcombatweapon_shared.obj
         .\Release_mod_hl2\/cbasehelicopter.obj
         .\Release_mod_hl2\/cbasespriteprojectile.obj
         .\Release_mod_hl2\/chaos.obj
         .\Release_mod_hl2\/citadel_effects.obj
         .\Release_mod_hl2\/combine_mine.obj
         .\Release_mod_hl2\/env_alyxemp.obj
         .\Release_mod_hl2\/env_headcrabcanister.obj
         .\Release_mod_hl2\/env_headcrabcanister_shared.obj
         .\Release_mod_hl2\/env_speaker.obj
         .\Release_mod_hl2\/env_starfield.obj
         .\Release_mod_hl2\/func_recharge.obj
         .\Release_mod_hl2\/func_tank.obj
         .\Release_mod_hl2\/grenade_ar2.obj
         .\Release_mod_hl2\/grenade_bugbait.obj
         .\Release_mod_hl2\/grenade_frag.obj
         .\Release_mod_hl2\/hl2_ai_network.obj
         .\Release_mod_hl2\/hl2_client.obj
         .\Release_mod_hl2\/hl2_eventlog.obj
         .\Release_mod_hl2\/hl2_gamerules.obj
         .\Release_mod_hl2\/hl2_gamestats.obj
         .\Release_mod_hl2\/hl2_player.obj
         .\Release_mod_hl2\/hl2_playerlocaldata.obj
         .\Release_mod_hl2\/hl2_triggers.obj
         .\Release_mod_hl2\/hl2_usermessages.obj
         .\Release_mod_hl2\/hl_gamemovement.obj
         .\Release_mod_hl2\/hl_playermove.obj
         .\Release_mod_hl2\/info_darknessmode_lightsource.obj
         .\Release_mod_hl2\/info_teleporter_countdown.obj
         .\Release_mod_hl2\/item_ammo.obj
         .\Release_mod_hl2\/item_battery.obj
         .\Release_mod_hl2\/item_dynamic_resupply.obj
         .\Release_mod_hl2\/item_healthkit.obj
         .\Release_mod_hl2\/item_itemcrate.obj
         .\Release_mod_hl2\/item_suit.obj
         .\Release_mod_hl2\/look_door.obj
         .\Release_mod_hl2\/monster_dummy.obj
         .\Release_mod_hl2\/npc_alyx.obj
         .\Release_mod_hl2\/npc_antlion.obj
         .\Release_mod_hl2\/npc_antlionguard.obj
         .\Release_mod_hl2\/npc_apcdriver.obj
         .\Release_mod_hl2\/npc_attackchopper.obj
         .\Release_mod_hl2\/npc_barnacle.obj
         .\Release_mod_hl2\/npc_barney.obj
         .\Release_mod_hl2\/npc_basescanner.obj
         .\Release_mod_hl2\/npc_BaseZombie.obj
         .\Release_mod_hl2\/npc_blob.obj
         .\Release_mod_hl2\/npc_breen.obj
         .\Release_mod_hl2\/npc_bullseye.obj
         .\Release_mod_hl2\/npc_citizen17.obj
         .\Release_mod_hl2\/npc_combine.obj
         .\Release_mod_hl2\/npc_combinecamera.obj
         .\Release_mod_hl2\/npc_combinedropship.obj
         .\Release_mod_hl2\/npc_combinegunship.obj
         .\Release_mod_hl2\/npc_combines.obj
         .\Release_mod_hl2\/npc_cranedriver.obj
         .\Release_mod_hl2\/npc_crow.obj
         .\Release_mod_hl2\/npc_dog.obj
         .\Release_mod_hl2\/npc_eli.obj
         .\Release_mod_hl2\/npc_enemyfinder.obj
         .\Release_mod_hl2\/npc_fastzombie.obj
         .\Release_mod_hl2\/npc_fisherman.obj
         .\Release_mod_hl2\/npc_gman.obj
         .\Release_mod_hl2\/npc_headcrab.obj
         .\Release_mod_hl2\/npc_ichthyosaur.obj
         .\Release_mod_hl2\/npc_kleiner.obj
         .\Release_mod_hl2\/npc_launcher.obj
         .\Release_mod_hl2\/npc_manhack.obj
         .\Release_mod_hl2\/npc_metropolice.obj
         .\Release_mod_hl2\/npc_monk.obj
         .\Release_mod_hl2\/npc_mossman.obj
         .\Release_mod_hl2\/npc_playercompanion.obj
         .\Release_mod_hl2\/npc_PoisonZombie.obj
         .\Release_mod_hl2\/npc_rollermine.obj
         .\Release_mod_hl2\/npc_scanner.obj
         .\Release_mod_hl2\/npc_stalker.obj
         .\Release_mod_hl2\/npc_strider.obj
         .\Release_mod_hl2\/npc_talker.obj
         .\Release_mod_hl2\/npc_turret_ceiling.obj
         .\Release_mod_hl2\/npc_turret_floor.obj
         .\Release_mod_hl2\/npc_turret_ground.obj
         .\Release_mod_hl2\/npc_vortigaunt_episodic.obj
         .\Release_mod_hl2\/npc_zombie.obj
         .\Release_mod_hl2\/point_apc_controller.obj
         .\Release_mod_hl2\/prop_combine_ball.obj
         .\Release_mod_hl2\/prop_thumper.obj
         .\Release_mod_hl2\/proto_sniper.obj
         .\Release_mod_hl2\/rotorwash.obj
         .\Release_mod_hl2\/script_intro.obj
         .\Release_mod_hl2\/script_intro_shared.obj
         .\Release_mod_hl2\/vehicle_airboat.obj
         .\Release_mod_hl2\/vehicle_cannon.obj
         .\Release_mod_hl2\/vehicle_crane.obj
         .\Release_mod_hl2\/vehicle_jeep.obj
         .\Release_mod_hl2\/vehicle_prisoner_pod.obj
         .\Release_mod_hl2\/vehicle_viewcontroller.obj
         .\Release_mod_hl2\/weapon_357.obj
         .\Release_mod_hl2\/weapon_alyxgun.obj
         .\Release_mod_hl2\/weapon_annabelle.obj
         .\Release_mod_hl2\/weapon_ar2.obj
         .\Release_mod_hl2\/weapon_bugbait.obj
         .\Release_mod_hl2\/weapon_citizenpackage.obj
         .\Release_mod_hl2\/weapon_crossbow.obj
         .\Release_mod_hl2\/weapon_crowbar.obj
         .\Release_mod_hl2\/weapon_cubemap.obj
         .\Release_mod_hl2\/weapon_frag.obj
         .\Release_mod_hl2\/weapon_oldmanharpoon.obj
         .\Release_mod_hl2\/weapon_physcannon.obj
         .\Release_mod_hl2\/weapon_pistol.obj
         .\Release_mod_hl2\/weapon_rpg.obj
         .\Release_mod_hl2\/weapon_shotgun.obj
         .\Release_mod_hl2\/weapon_smg1.obj
         .\Release_mod_hl2\/weapon_stunstick.obj
         .\Release_mod_hl2\/grenade_beam.obj
         .\Release_mod_hl2\/grenade_homer.obj
         .\Release_mod_hl2\/grenade_pathfollower.obj
         .\Release_mod_hl2\/npc_missiledefense.obj
         .\Release_mod_hl2\/vehicle_apc.obj
         .\Release_mod_hl2\/weapon_cguard.obj
         .\Release_mod_hl2\/weapon_flaregun.obj
         .\Release_mod_hl2\/stdafx.obj
         .\Release_mod_hl2\/basetempentity.obj
         .\Release_mod_hl2\/event_tempentity_tester.obj
         .\Release_mod_hl2\/movie_explosion.obj
         .\Release_mod_hl2\/particle_fire.obj
         .\Release_mod_hl2\/particle_smokegrenade.obj
         .\Release_mod_hl2\/plasma.obj
         .\Release_mod_hl2\/smoke_trail.obj
         .\Release_mod_hl2\/smokestack.obj
         .\Release_mod_hl2\/SpriteTrail.obj
         .\Release_mod_hl2\/steamjet.obj
         .\Release_mod_hl2\/te.obj
         .\Release_mod_hl2\/te_armorricochet.obj
         .\Release_mod_hl2\/te_basebeam.obj
         .\Release_mod_hl2\/te_beamentpoint.obj
         .\Release_mod_hl2\/te_beaments.obj
         .\Release_mod_hl2\/te_beamfollow.obj
         .\Release_mod_hl2\/te_beamlaser.obj
         .\Release_mod_hl2\/te_beampoints.obj
         .\Release_mod_hl2\/te_beamring.obj
         .\Release_mod_hl2\/te_beamringpoint.obj
         .\Release_mod_hl2\/te_beamspline.obj
         .\Release_mod_hl2\/te_bloodsprite.obj
         .\Release_mod_hl2\/te_bloodstream.obj
         .\Release_mod_hl2\/te_breakmodel.obj
         .\Release_mod_hl2\/te_bspdecal.obj
         .\Release_mod_hl2\/te_bubbles.obj
         .\Release_mod_hl2\/te_bubbletrail.obj
         .\Release_mod_hl2\/te_clientprojectile.obj
         .\Release_mod_hl2\/te_decal.obj
         .\Release_mod_hl2\/te_dynamiclight.obj
         .\Release_mod_hl2\/te_effect_dispatch.obj
         .\Release_mod_hl2\/te_energysplash.obj
         .\Release_mod_hl2\/te_explosion.obj
         .\Release_mod_hl2\/te_fizz.obj
         .\Release_mod_hl2\/te_footprintdecal.obj
         .\Release_mod_hl2\/te_gaussexplosion.obj
         .\Release_mod_hl2\/te_glassshatter.obj
         .\Release_mod_hl2\/te_glowsprite.obj
         .\Release_mod_hl2\/te_impact.obj
         .\Release_mod_hl2\/te_killplayerattachments.obj
         .\Release_mod_hl2\/te_largefunnel.obj
         .\Release_mod_hl2\/te_muzzleflash.obj
         .\Release_mod_hl2\/te_particlesystem.obj
         .\Release_mod_hl2\/te_physicsprop.obj
         .\Release_mod_hl2\/te_playerdecal.obj
         .\Release_mod_hl2\/te_projecteddecal.obj
         .\Release_mod_hl2\/te_showline.obj
         .\Release_mod_hl2\/te_smoke.obj
         .\Release_mod_hl2\/te_sparks.obj
         .\Release_mod_hl2\/te_sprite.obj
         .\Release_mod_hl2\/te_spritespray.obj
         .\Release_mod_hl2\/te_worlddecal.obj
         .\Release_mod_hl2\/usermessages.obj
         .\Release_mod_hl2\/entity_tools_server.obj
         .\Release_mod_hl2\/toolframework_server.obj
         ..\..\lib\public\choreoobjects.lib
         ..\..\lib\public\dmxloader.lib
         ..\..\lib\public\libprotobuf.lib
         ..\..\lib\public\mathlib.lib
         ..\..\lib\public\particles.lib
         ..\..\lib\public\steam_api.lib
         ..\..\lib\public\tier0.lib
         ..\..\lib\public\tier1.lib
         ..\..\lib\public\tier2.lib
         ..\..\lib\public\tier3.lib
         ..\..\lib\public\vstdlib.lib
            Creating library .\Release_mod_hl2\server.lib and object .\Release_mod_hl2\server.exp
         server_hl2.vcxproj -> C:\sourceproject\halflife2chaos\sp\src\game\server\.\Release_mod_hl2\server.dll
       PostBuildEvent:
         if not exist "C:\Program Files (x86)\Steam\steamapps\sourcemods\hl2chaos\bin\." mkdir "C:\Program Files (x86)\Steam\steamapps\sourcemods\hl2chaos\bin\."
         copy "C:\sourceproject\halflife2chaos\sp\src\game\server\Release_mod_hl2\server.dll" "C:\Program Files (x86)\Steam\steamapps\sourcemods\hl2chaos\bin\.\server.dll"
         if ERRORLEVEL 1 goto BuildEventFailed
         if exist "C:\sourceproject\halflife2chaos\sp\src\game\server\Release_mod_hl2\server.map" copy "C:\sourceproject\halflife2chaos\sp\src\game\server\Release_mod_hl2\server.map" "C:\Program Files (x86)\Steam\steamapps\sourcemods\hl2chaos\bin\.\server.map"
         copy "C:\sourceproject\halflife2chaos\sp\src\game\server\Release_mod_hl2\server.pdb" "C:\Program Files (x86)\Steam\steamapps\sourcemods\hl2chaos\bin\.\server.pdb"
         if ERRORLEVEL 1 goto BuildEventFailed
         goto BuildEventOK
         :BuildEventFailed
         echo *** ERROR! PostBuildStep FAILED for Server (HL2)! EXE or DLL is probably running. ***
         del /q "C:\sourceproject\halflife2chaos\sp\src\game\server\Release_mod_hl2\server.dll"
         exit 1
         :BuildEventOK
         :VCEnd
                 1 file(s) copied.
                 1 file(s) copied.
     1>Done Building Project "C:\sourceproject\halflife2chaos\sp\src\game\server\server_hl2.vcxproj" (Build target(s)).

Build succeeded.

Time Elapsed 00:00:03.82
