Build started 3/10/2023 2:23:28 AM.
     1>Project "C:\sourceproject\justnormal\sp\src\mathlib\mathlib.vcxproj" on node 2 (Build target(s)).
     1>PreBuildEvent:
         if EXIST ..\lib\public\.\mathlib.lib ( for /f "delims=" %%A in ('attrib "..\lib\public\.\mathlib.lib"') do set valveTmpIsReadOnly="%%A"
         ) else ( if not EXIST ..\lib\public\. mkdir ..\lib\public\. )
         set valveTmpIsReadOnlyLetter=%valveTmpIsReadOnly:~6,1%
         if "%valveTmpIsReadOnlyLetter%"=="R" (
             attrib -r ..\lib\public\.\mathlib.lib
             ..\devtools\bin\gnu\touch.exe -d "1999-01-01" ..\lib\public\.\mathlib.lib
             attrib +r ..\lib\public\.\mathlib.lib
         )
         if exist "..\devtools\bin\vpc.exe" "..\devtools\bin\vpc.exe" -crc2 "mathlib.vcxproj"
         if ERRORLEVEL 1 exit /b 1
         
         :VCEnd
       ClCompile:
         C:\Program Files (x86)\Microsoft Visual Studio 12.0\VC\bin\CL.exe /c /I..\common /I..\public /I..\public\tier0 /I..\public\tier1 /I..\public\mathlib /ZI /nologo /W4 /WX /MP /Od /Oy- /D VPC /D RAD_TELEMETRY_DISABLED /D _HAS_ITERATOR_DEBUGGING=0 /D WIN32 /D _WIN32 /D _DEBUG /D DEBUG /D _LIB /D _CRT_SECURE_NO_DEPRECATE /D _CRT_NONSTDC_NO_DEPRECATE /D _ALLOW_RUNTIME_LIBRARY_MISMATCH /D _ALLOW_ITERATOR_DEBUG_LEVEL_MISMATCH /D _ALLOW_MSC_VER_MISMATCH /D _USING_V110_SDK71_ /D _MBCS /D COMPILER_MSVC32 /D COMPILER_MSVC32 /D COMPILER_MSVC /D _DLL_EXT=.dll /D LIBNAME=mathlib /D BINK_VIDEO /D AVI_VIDEO /D WMV_VIDEO /D DEV_BUILD /D FRAME_POINTER_OMISSION_DISABLED /D MATHLIB_LIB /D _EXTERNAL_DLL_EXT=.dll /D VPCGAMECAPS=VALVE /D PROJECTDIR=C:\sourceproject\justnormal\sp\src\mathlib /D _DLL_EXT=.dll /D SOURCE1=1 /D VPCGAME=valve /GF /Gm- /MTd /GS /arch:SSE /fp:fast /Zc:wchar_t /Zc:forScope /GR /openmp- /Fo".\Debug\.\/" /Fd".\Debug\.\/vc120.pdb" /Gd /TP /wd4316 /analyze- /FC /errorReport:prompt  /Gw polyhedron.cpp simdvectormatrix.cpp
         polyhedron.cpp
         simdvectormatrix.cpp
       Lib:
         C:\Program Files (x86)\Microsoft Visual Studio 12.0\VC\bin\Lib.exe /OUT:"..\lib\public\.\mathlib.lib" /NOLOGO  /ignore:4221 .\Debug\.\/3dnow.obj
         .\Debug\.\/almostequal.obj
         .\Debug\.\/anorms.obj
         .\Debug\.\/bumpvects.obj
         .\Debug\.\/color_conversion.obj
         .\Debug\.\/halton.obj
         .\Debug\.\/IceKey.obj
         .\Debug\.\/imagequant.obj
         .\Debug\.\/lightdesc.obj
         .\Debug\.\/mathlib_base.obj
         .\Debug\.\/polyhedron.obj
         .\Debug\.\/powsse.obj
         .\Debug\.\/quantize.obj
         .\Debug\.\/randsse.obj
         .\Debug\.\/simdvectormatrix.obj
         .\Debug\.\/sparse_convolution_noise.obj
         .\Debug\.\/spherical.obj
         .\Debug\.\/sse.obj
         .\Debug\.\/sseconst.obj
         .\Debug\.\/ssenoise.obj
         .\Debug\.\/vector.obj
         .\Debug\.\/vmatrix.obj
         mathlib.vcxproj -> C:\sourceproject\justnormal\sp\src\mathlib\..\lib\public\.\mathlib.lib
     1>Done Building Project "C:\sourceproject\justnormal\sp\src\mathlib\mathlib.vcxproj" (Build target(s)).

Build succeeded.

Time Elapsed 00:00:01.54
