Build started 3/12/2023 9:53:27 AM.
     1>Project "C:\sourceproject\justnormal\sp\src\game\client\client_hl2.vcxproj" on node 2 (Build target(s)).
     1>PreBuildEvent:
         if EXIST ..\..\..\game\mod_hl2\bin\.\client.dll for /f "delims=" %%A in ('attrib "..\..\..\game\mod_hl2\bin\.\client.dll"') do set valveTmpIsReadOnly="%%A"
         set valveTmpIsReadOnlyLetter=%valveTmpIsReadOnly:~6,1%
         if "%valveTmpIsReadOnlyLetter%"=="R" del /q "C:\sourceproject\justnormal\sp\src\game\client\Debug_mod_hl2\"client.dll
         if exist "..\..\devtools\bin\vpc.exe" "..\..\devtools\bin\vpc.exe" -crc2 "client_hl2.vcxproj"
         if ERRORLEVEL 1 exit /b 1
         
         :VCEnd
       ClCompile:
         C:\Program Files (x86)\Microsoft Visual Studio 12.0\VC\bin\CL.exe /c /I.\hl2 /I.\hl2\elements /I..\..\game\shared\hl2 /I.\ /I..\..\common /I..\..\public /I..\..\public\tier0 /I..\..\public\tier1 /I..\..\game\client\generated_proto_mod_hl2 /I"..\..\thirdparty\protobuf-2.3.0\src" /I..\..\vgui2\include /I..\..\vgui2\controls /I..\..\game\shared /I.\game_controls /I..\..\thirdparty\sixensesdk\include /ZI /nologo /W4 /WX /MP /Od /Oy- /D VPC /D RAD_TELEMETRY_DISABLED /D _HAS_ITERATOR_DEBUGGING=0 /D WIN32 /D _WIN32 /D _DEBUG /D DEBUG /D _WINDOWS /D _USRDLL /D _CRT_SECURE_NO_DEPRECATE /D _CRT_NONSTDC_NO_DEPRECATE /D _ALLOW_RUNTIME_LIBRARY_MISMATCH /D _ALLOW_ITERATOR_DEBUG_LEVEL_MISMATCH /D _ALLOW_MSC_VER_MISMATCH /D _USING_V110_SDK71_ /D _WINDLL /D _MBCS /D COMPILER_MSVC32 /D COMPILER_MSVC32 /D COMPILER_MSVC /D _DLL_EXT=.dll /D DLLNAME=client /D BINK_VIDEO /D AVI_VIDEO /D WMV_VIDEO /D DEV_BUILD /D FRAME_POINTER_OMISSION_DISABLED /D NO_STRING_T /D CLIENT_DLL /D VECTOR /D VERSION_SAFE_STEAM_API_INTERFACES /D PROTECTED_THINGS_ENABLE /D strncpy=use_Q_strncpy_instead /D _snprintf=use_Q_snprintf_instead /D ENABLE_CHROMEHTMLWINDOW /D fopen=dont_use_fopen /D HL2_CLIENT_DLL /D _EXTERNAL_DLL_EXT=.dll /D VPCGAMECAPS=VALVE /D PROJECTDIR=C:\sourceproject\justnormal\sp\src\game\client /D _DLL_EXT=.dll /D SOURCE1=1 /D VPCGAME=valve /GF /Gm- /MTd /GS /arch:SSE /fp:fast /Zc:wchar_t /Zc:forScope /GR /Yu"cbase.h" /Fp".\Debug_mod_hl2\/client.pch" /Fo".\Debug_mod_hl2\/" /Fd".\Debug_mod_hl2\/vc120.pdb" /Gd /TP /wd4316 /analyze- /FC /errorReport:prompt /Zm200 /Gw ..\..\game\shared\baseentity_shared.cpp
         baseentity_shared.cpp
       Link:
         C:\Program Files (x86)\Microsoft Visual Studio 12.0\VC\bin\link.exe /ERRORREPORT:PROMPT /OUT:".\Debug_mod_hl2\\client.dll" /INCREMENTAL /NOLOGO /LIBPATH:..\..\lib\common\. /LIBPATH:..\..\lib\public\. shell32.lib user32.lib advapi32.lib gdi32.lib comdlg32.lib ole32.lib winmm.lib /NODEFAULTLIB:libc /NODEFAULTLIB:libcd /NODEFAULTLIB:libcmt /MANIFEST:NO /DEBUG /PDB:".\Debug_mod_hl2\/client.pdb" /SUBSYSTEM:WINDOWS,"5.01" /TLBID:1 /DYNAMICBASE:NO /NXCOMPAT /MACHINE:X86 /SAFESEH:NO  /ignore:4221 /DLL .\Debug_mod_hl2\\pointeroverride.obj
         .\Debug_mod_hl2\/mp3player.obj
         .\Debug_mod_hl2\/cdll_replay.obj
         .\Debug_mod_hl2\/replaycamera.obj
         .\Debug_mod_hl2\/achievement_notification_panel.obj
         .\Debug_mod_hl2\/achievement_saverestore.obj
         .\Debug_mod_hl2\/achievementmgr.obj
         .\Debug_mod_hl2\/achievements_hlx.obj
         .\Debug_mod_hl2\/activitylist.obj
         .\Debug_mod_hl2\/alphamaterialproxy.obj
         .\Debug_mod_hl2\/ammodef.obj
         .\Debug_mod_hl2\/animatedentitytextureproxy.obj
         .\Debug_mod_hl2\/animatedoffsettextureproxy.obj
         .\Debug_mod_hl2\/animatedtextureproxy.obj
         .\Debug_mod_hl2\/AnimateSpecificTextureProxy.obj
         .\Debug_mod_hl2\/animation.obj
         .\Debug_mod_hl2\/base_playeranimstate.obj
         .\Debug_mod_hl2\/baseachievement.obj
         .\Debug_mod_hl2\/baseanimatedtextureproxy.obj
         .\Debug_mod_hl2\/baseclientrendertargets.obj
         .\Debug_mod_hl2\/basecombatcharacter_shared.obj
         .\Debug_mod_hl2\/basecombatweapon_shared.obj
         .\Debug_mod_hl2\/baseentity_shared.obj
         .\Debug_mod_hl2\/basegrenade_shared.obj
         .\Debug_mod_hl2\/baseparticleentity.obj
         .\Debug_mod_hl2\/baseplayer_shared.obj
         .\Debug_mod_hl2\/basepresence.obj
         .\Debug_mod_hl2\/baseprojectile.obj
         .\Debug_mod_hl2\/baseviewmodel_shared.obj
         .\Debug_mod_hl2\/beam_shared.obj
         .\Debug_mod_hl2\/beamdraw.obj
         .\Debug_mod_hl2\/bone_accessor.obj
         .\Debug_mod_hl2\/bone_merge_cache.obj
         .\Debug_mod_hl2\/bone_setup.obj
         .\Debug_mod_hl2\/c_ai_basehumanoid.obj
         .\Debug_mod_hl2\/c_ai_basenpc.obj
         .\Debug_mod_hl2\/c_baseanimating.obj
         .\Debug_mod_hl2\/c_baseanimatingoverlay.obj
         .\Debug_mod_hl2\/c_basecombatcharacter.obj
         .\Debug_mod_hl2\/c_basecombatweapon.obj
         .\Debug_mod_hl2\/c_basedoor.obj
         .\Debug_mod_hl2\/c_baseentity.obj
         .\Debug_mod_hl2\/c_baseflex.obj
         .\Debug_mod_hl2\/c_baseplayer.obj
         .\Debug_mod_hl2\/c_baseviewmodel.obj
         .\Debug_mod_hl2\/c_breakableprop.obj
         .\Debug_mod_hl2\/c_colorcorrection.obj
         .\Debug_mod_hl2\/c_colorcorrectionvolume.obj
         .\Debug_mod_hl2\/c_dynamiclight.obj
         .\Debug_mod_hl2\/c_entitydissolve.obj
         .\Debug_mod_hl2\/c_entityparticletrail.obj
         .\Debug_mod_hl2\/c_env_fog_controller.obj
         .\Debug_mod_hl2\/c_env_particlescript.obj
         .\Debug_mod_hl2\/c_env_projectedtexture.obj
         .\Debug_mod_hl2\/c_env_screenoverlay.obj
         .\Debug_mod_hl2\/c_env_tonemap_controller.obj
         .\Debug_mod_hl2\/c_fire_smoke.obj
         .\Debug_mod_hl2\/c_fish.obj
         .\Debug_mod_hl2\/c_func_areaportalwindow.obj
         .\Debug_mod_hl2\/c_func_breakablesurf.obj
         .\Debug_mod_hl2\/c_func_conveyor.obj
         .\Debug_mod_hl2\/c_func_dust.obj
         .\Debug_mod_hl2\/c_func_lod.obj
         .\Debug_mod_hl2\/C_Func_Monitor.obj
         .\Debug_mod_hl2\/c_func_occluder.obj
         .\Debug_mod_hl2\/c_func_reflective_glass.obj
         .\Debug_mod_hl2\/c_func_rotating.obj
         .\Debug_mod_hl2\/c_func_smokevolume.obj
         .\Debug_mod_hl2\/c_func_tracktrain.obj
         .\Debug_mod_hl2\/c_gib.obj
         .\Debug_mod_hl2\/c_hairball.obj
         .\Debug_mod_hl2\/c_info_overlay_accessor.obj
         .\Debug_mod_hl2\/c_lightglow.obj
         .\Debug_mod_hl2\/C_MaterialModifyControl.obj
         .\Debug_mod_hl2\/c_particle_system.obj
         .\Debug_mod_hl2\/c_physbox.obj
         .\Debug_mod_hl2\/c_physicsprop.obj
         .\Debug_mod_hl2\/c_physmagnet.obj
         .\Debug_mod_hl2\/c_pixel_visibility.obj
         .\Debug_mod_hl2\/c_plasma.obj
         .\Debug_mod_hl2\/c_playerresource.obj
         .\Debug_mod_hl2\/c_point_camera.obj
         .\Debug_mod_hl2\/c_point_commentary_node.obj
         .\Debug_mod_hl2\/c_props.obj
         .\Debug_mod_hl2\/c_ragdoll_manager.obj
         .\Debug_mod_hl2\/c_rope.obj
         .\Debug_mod_hl2\/c_rumble.obj
         .\Debug_mod_hl2\/c_sceneentity.obj
         .\Debug_mod_hl2\/c_shadowcontrol.obj
         .\Debug_mod_hl2\/c_slideshow_display.obj
         .\Debug_mod_hl2\/c_soundscape.obj
         .\Debug_mod_hl2\/c_spotlight_end.obj
         .\Debug_mod_hl2\/c_sprite.obj
         .\Debug_mod_hl2\/c_sprite_perfmonitor.obj
         .\Debug_mod_hl2\/c_sun.obj
         .\Debug_mod_hl2\/c_team.obj
         .\Debug_mod_hl2\/c_team_objectiveresource.obj
         .\Debug_mod_hl2\/c_tesla.obj
         .\Debug_mod_hl2\/c_test_proxytoggle.obj
         .\Debug_mod_hl2\/c_user_message_register.obj
         .\Debug_mod_hl2\/c_vehicle_choreo_generic.obj
         .\Debug_mod_hl2\/c_vehicle_jeep.obj
         .\Debug_mod_hl2\/c_vguiscreen.obj
         .\Debug_mod_hl2\/c_vote_controller.obj
         .\Debug_mod_hl2\/c_waterbullet.obj
         .\Debug_mod_hl2\/C_WaterLODControl.obj
         .\Debug_mod_hl2\/c_world.obj
         .\Debug_mod_hl2\/cam_thirdperson.obj
         .\Debug_mod_hl2\/camomaterialproxy.obj
         .\Debug_mod_hl2\/cdll_bounded_cvars.obj
         .\Debug_mod_hl2\/cdll_client_int.obj
         .\Debug_mod_hl2\/cdll_util.obj
         .\Debug_mod_hl2\/cl_mat_stub.obj
         .\Debug_mod_hl2\/classmap.obj
         .\Debug_mod_hl2\/client_class.obj
         .\Debug_mod_hl2\/client_factorylist.obj
         .\Debug_mod_hl2\/client_thinklist.obj
         .\Debug_mod_hl2\/client_virtualreality.obj
         .\Debug_mod_hl2\/clienteffectprecachesystem.obj
         .\Debug_mod_hl2\/cliententitylist.obj
         .\Debug_mod_hl2\/clientleafsystem.obj
         .\Debug_mod_hl2\/clientmode_shared.obj
         .\Debug_mod_hl2\/clientshadowmgr.obj
         .\Debug_mod_hl2\/clientsideeffects.obj
         .\Debug_mod_hl2\/clientsideeffects_test.obj
         .\Debug_mod_hl2\/clientsteamcontext.obj
         .\Debug_mod_hl2\/collisionproperty.obj
         .\Debug_mod_hl2\/collisionutils.obj
         .\Debug_mod_hl2\/colorcorrectionmgr.obj
         .\Debug_mod_hl2\/commentary_modelviewer.obj
         .\Debug_mod_hl2\/compiledcaptionswap.obj
         .\Debug_mod_hl2\/crtmemdebug.obj
         .\Debug_mod_hl2\/death_pose.obj
         .\Debug_mod_hl2\/debugoverlay_shared.obj
         .\Debug_mod_hl2\/decals.obj
         .\Debug_mod_hl2\/detailobjectsystem.obj
         .\Debug_mod_hl2\/dt_recv.obj
         .\Debug_mod_hl2\/dt_utlvector_common.obj
         .\Debug_mod_hl2\/dt_utlvector_recv.obj
         .\Debug_mod_hl2\/dummyproxy.obj
         .\Debug_mod_hl2\/effect_dispatch_data.obj
         .\Debug_mod_hl2\/EffectsClient.obj
         .\Debug_mod_hl2\/ehandle.obj
         .\Debug_mod_hl2\/entitylist_base.obj
         .\Debug_mod_hl2\/entityoriginmaterialproxy.obj
         .\Debug_mod_hl2\/EntityParticleTrail_Shared.obj
         .\Debug_mod_hl2\/env_detail_controller.obj
         .\Debug_mod_hl2\/env_wind_shared.obj
         .\Debug_mod_hl2\/eventlist.obj
         .\Debug_mod_hl2\/filesystem_helpers.obj
         .\Debug_mod_hl2\/flashlighteffect.obj
         .\Debug_mod_hl2\/func_ladder.obj
         .\Debug_mod_hl2\/functionproxy.obj
         .\Debug_mod_hl2\/fx_blood.obj
         .\Debug_mod_hl2\/fx_cube.obj
         .\Debug_mod_hl2\/fx_explosion.obj
         .\Debug_mod_hl2\/fx_fleck.obj
         .\Debug_mod_hl2\/fx_impact.obj
         .\Debug_mod_hl2\/fx_interpvalue.obj
         .\Debug_mod_hl2\/fx_quad.obj
         .\Debug_mod_hl2\/fx_shelleject.obj
         .\Debug_mod_hl2\/fx_staticline.obj
         .\Debug_mod_hl2\/fx_tracer.obj
         .\Debug_mod_hl2\/fx_trail.obj
         .\Debug_mod_hl2\/fx_water.obj
         .\Debug_mod_hl2\/gamemovement.obj
         .\Debug_mod_hl2\/gamerules.obj
         .\Debug_mod_hl2\/gamerules_register.obj
         .\Debug_mod_hl2\/GameStats.obj
         .\Debug_mod_hl2\/gamestringpool.obj
         .\Debug_mod_hl2\/gametrace_client.obj
         .\Debug_mod_hl2\/gamevars_shared.obj
         .\Debug_mod_hl2\/geiger.obj
         .\Debug_mod_hl2\/glow_outline_effect.obj
         .\Debug_mod_hl2\/glow_overlay.obj
         .\Debug_mod_hl2\/haptic_msgs.obj
         .\Debug_mod_hl2\/haptic_utils.obj
         .\Debug_mod_hl2\/hintmessage.obj
         .\Debug_mod_hl2\/hintsystem.obj
         .\Debug_mod_hl2\/history_resource.obj
         .\Debug_mod_hl2\/hltvcamera.obj
         .\Debug_mod_hl2\/hud.obj
         .\Debug_mod_hl2\/hud_animationinfo.obj
         .\Debug_mod_hl2\/hud_autoaim.obj
         .\Debug_mod_hl2\/hud_basechat.obj
         .\Debug_mod_hl2\/hud_basetimer.obj
         .\Debug_mod_hl2\/hud_bitmapnumericdisplay.obj
         .\Debug_mod_hl2\/hud_chat.obj
         .\Debug_mod_hl2\/hud_closecaption.obj
         .\Debug_mod_hl2\/hud_crosshair.obj
         .\Debug_mod_hl2\/hud_element_helper.obj
         .\Debug_mod_hl2\/hud_filmdemo.obj
         .\Debug_mod_hl2\/hud_hdrdemo.obj
         .\Debug_mod_hl2\/hud_hintdisplay.obj
         .\Debug_mod_hl2\/hud_lcd.obj
         .\Debug_mod_hl2\/hud_msg.obj
         .\Debug_mod_hl2\/hud_numericdisplay.obj
         .\Debug_mod_hl2\/hud_pdump.obj
         .\Debug_mod_hl2\/hud_redraw.obj
         .\Debug_mod_hl2\/hud_vehicle.obj
         .\Debug_mod_hl2\/hud_weapon.obj
         .\Debug_mod_hl2\/igamesystem.obj
         .\Debug_mod_hl2\/in_camera.obj
         .\Debug_mod_hl2\/in_joystick.obj
         .\Debug_mod_hl2\/in_main.obj
         .\Debug_mod_hl2\/in_mouse.obj
         .\Debug_mod_hl2\/initializer.obj
         .\Debug_mod_hl2\/interpolatedvar.obj
         .\Debug_mod_hl2\/interpolatortypes.obj
         .\Debug_mod_hl2\/interval.obj
         .\Debug_mod_hl2\/IsNPCProxy.obj
         .\Debug_mod_hl2\/jigglebones.obj
         .\Debug_mod_hl2\/lampbeamproxy.obj
         .\Debug_mod_hl2\/lamphaloproxy.obj
         .\Debug_mod_hl2\/language.obj
         .\Debug_mod_hl2\/mapentities_shared.obj
         .\Debug_mod_hl2\/mathproxy.obj
         .\Debug_mod_hl2\/matrixproxy.obj
         .\Debug_mod_hl2\/memoverride.obj
         .\Debug_mod_hl2\/menu.obj
         .\Debug_mod_hl2\/message.obj
         .\Debug_mod_hl2\/movehelper_client.obj
         .\Debug_mod_hl2\/movevars_shared.obj
         .\Debug_mod_hl2\/mp_shareddefs.obj
         .\Debug_mod_hl2\/multiplay_gamerules.obj
         .\Debug_mod_hl2\/mumble.obj
         .\Debug_mod_hl2\/networkvar.obj
         .\Debug_mod_hl2\/obstacle_pushaway.obj
         .\Debug_mod_hl2\/panelmetaclassmgr.obj
         .\Debug_mod_hl2\/particle_collision.obj
         .\Debug_mod_hl2\/particle_litsmokeemitter.obj
         .\Debug_mod_hl2\/particle_parse.obj
         .\Debug_mod_hl2\/particle_property.obj
         .\Debug_mod_hl2\/particle_proxies.obj
         .\Debug_mod_hl2\/particle_simple3d.obj
         .\Debug_mod_hl2\/particlemgr.obj
         .\Debug_mod_hl2\/particles_attractor.obj
         .\Debug_mod_hl2\/particles_ez.obj
         .\Debug_mod_hl2\/particles_localspace.obj
         .\Debug_mod_hl2\/particles_new.obj
         .\Debug_mod_hl2\/particles_simple.obj
         .\Debug_mod_hl2\/particlesystemquery.obj
         .\Debug_mod_hl2\/perfvisualbenchmark.obj
         .\Debug_mod_hl2\/physics.obj
         .\Debug_mod_hl2\/physics_main_client.obj
         .\Debug_mod_hl2\/physics_main_shared.obj
         .\Debug_mod_hl2\/physics_saverestore.obj
         .\Debug_mod_hl2\/physics_shared.obj
         .\Debug_mod_hl2\/physpropclientside.obj
         .\Debug_mod_hl2\/playerandobjectenumerator.obj
         .\Debug_mod_hl2\/playerspawncache.obj
         .\Debug_mod_hl2\/point_bonusmaps_accessor.obj
         .\Debug_mod_hl2\/point_posecontroller.obj
         .\Debug_mod_hl2\/posedebugger.obj
         .\Debug_mod_hl2\/precache_register.obj
         .\Debug_mod_hl2\/predictableid.obj
         .\Debug_mod_hl2\/prediction.obj
         .\Debug_mod_hl2\/predictioncopy.obj
         .\Debug_mod_hl2\/props_shared.obj
         .\Debug_mod_hl2\/proxyentity.obj
         .\Debug_mod_hl2\/ProxyHealth.obj
         .\Debug_mod_hl2\/proxyplayer.obj
         .\Debug_mod_hl2\/proxypupil.obj
         .\Debug_mod_hl2\/ragdoll.obj
         .\Debug_mod_hl2\/ragdoll_shared.obj
         .\Debug_mod_hl2\/randoverride.obj
         .\Debug_mod_hl2\/recvproxy.obj
         .\Debug_mod_hl2\/renamed_recvtable_compat.obj
         .\Debug_mod_hl2\/rendertexture.obj
         .\Debug_mod_hl2\/rope_helpers.obj
         .\Debug_mod_hl2\/rope_physics.obj
         .\Debug_mod_hl2\/saverestore.obj
         .\Debug_mod_hl2\/sceneentity_shared.obj
         .\Debug_mod_hl2\/scratchpad3d.obj
         .\Debug_mod_hl2\/ScratchPadUtils.obj
         .\Debug_mod_hl2\/ScreenSpaceEffects.obj
         .\Debug_mod_hl2\/sentence.obj
         .\Debug_mod_hl2\/sequence_Transitioner.obj
         .\Debug_mod_hl2\/sheetsimulator.obj
         .\Debug_mod_hl2\/simple_keys.obj
         .\Debug_mod_hl2\/simple_physics.obj
         .\Debug_mod_hl2\/simtimer.obj
         .\Debug_mod_hl2\/singleplay_gamerules.obj
         .\Debug_mod_hl2\/SoundEmitterSystem.obj
         .\Debug_mod_hl2\/soundenvelope.obj
         .\Debug_mod_hl2\/SoundParametersInternal.obj
         .\Debug_mod_hl2\/splinepatch.obj
         .\Debug_mod_hl2\/Sprite.obj
         .\Debug_mod_hl2\/spritemodel.obj
         .\Debug_mod_hl2\/SpriteTrail.obj
         .\Debug_mod_hl2\/stringregistry.obj
         .\Debug_mod_hl2\/studio.obj
         .\Debug_mod_hl2\/studio_shared.obj
         .\Debug_mod_hl2\/studio_stats.obj
         .\Debug_mod_hl2\/takedamageinfo.obj
         .\Debug_mod_hl2\/teamplay_gamerules.obj
         .\Debug_mod_hl2\/teamplayroundbased_gamerules.obj
         .\Debug_mod_hl2\/test_ehandle.obj
         .\Debug_mod_hl2\/text_message.obj
         .\Debug_mod_hl2\/texturescrollmaterialproxy.obj
         .\Debug_mod_hl2\/timematerialproxy.obj
         .\Debug_mod_hl2\/toggletextureproxy.obj
         .\Debug_mod_hl2\/train.obj
         .\Debug_mod_hl2\/usercmd.obj
         .\Debug_mod_hl2\/usermessages.obj
         .\Debug_mod_hl2\/util_shared.obj
         .\Debug_mod_hl2\/vallocator.obj
         .\Debug_mod_hl2\/vehicle_viewblend_shared.obj
         .\Debug_mod_hl2\/vgui_avatarimage.obj
         .\Debug_mod_hl2\/vgui_basepanel.obj
         .\Debug_mod_hl2\/vgui_bitmapbutton.obj
         .\Debug_mod_hl2\/vgui_bitmapimage.obj
         .\Debug_mod_hl2\/vgui_bitmappanel.obj
         .\Debug_mod_hl2\/vgui_centerstringpanel.obj
         .\Debug_mod_hl2\/vgui_consolepanel.obj
         .\Debug_mod_hl2\/vgui_controls.obj
         .\Debug_mod_hl2\/vgui_debugoverlaypanel.obj
         .\Debug_mod_hl2\/vgui_fpspanel.obj
         .\Debug_mod_hl2\/vgui_game_viewport.obj
         .\Debug_mod_hl2\/vgui_grid.obj
         .\Debug_mod_hl2\/vgui_int.obj
         .\Debug_mod_hl2\/vgui_loadingdiscpanel.obj
         .\Debug_mod_hl2\/vgui_messagechars.obj
         .\Debug_mod_hl2\/vgui_netgraphpanel.obj
         .\Debug_mod_hl2\/vgui_schemevisualizer.obj
         .\Debug_mod_hl2\/vgui_slideshow_display_screen.obj
         .\Debug_mod_hl2\/vgui_video.obj
         .\Debug_mod_hl2\/vgui_video_player.obj
         .\Debug_mod_hl2\/view.obj
         .\Debug_mod_hl2\/view_beams.obj
         .\Debug_mod_hl2\/view_effects.obj
         .\Debug_mod_hl2\/view_scene.obj
         .\Debug_mod_hl2\/viewangleanim.obj
         .\Debug_mod_hl2\/ViewConeImage.obj
         .\Debug_mod_hl2\/viewdebug.obj
         .\Debug_mod_hl2\/viewpostprocess.obj
         .\Debug_mod_hl2\/viewrender.obj
         .\Debug_mod_hl2\/voice_banmgr.obj
         .\Debug_mod_hl2\/voice_status.obj
         .\Debug_mod_hl2\/warp_overlay.obj
         .\Debug_mod_hl2\/WaterLODMaterialProxy.obj
         .\Debug_mod_hl2\/weapon_parse.obj
         .\Debug_mod_hl2\/weapon_parse_default.obj
         .\Debug_mod_hl2\/weapon_selection.obj
         .\Debug_mod_hl2\/weapons_resource.obj
         .\Debug_mod_hl2\/WorldDimsProxy.obj
         .\Debug_mod_hl2\/basemodel_panel.obj
         .\Debug_mod_hl2\/basemodelpanel.obj
         .\Debug_mod_hl2\/baseviewport.obj
         .\Debug_mod_hl2\/ClientScoreBoardDialog.obj
         .\Debug_mod_hl2\/commandmenu.obj
         .\Debug_mod_hl2\/IconPanel.obj
         .\Debug_mod_hl2\/intromenu.obj
         .\Debug_mod_hl2\/MapOverview.obj
         .\Debug_mod_hl2\/NavProgress.obj
         .\Debug_mod_hl2\/SpectatorGUI.obj
         .\Debug_mod_hl2\/teammenu.obj
         .\Debug_mod_hl2\/vguitextwindow.obj
         .\Debug_mod_hl2\/achievements_hl2.obj
         .\Debug_mod_hl2\/basehlcombatweapon_shared.obj
         .\Debug_mod_hl2\/c_antlion_dust.obj
         .\Debug_mod_hl2\/c_ar2_explosion.obj
         .\Debug_mod_hl2\/c_barnacle.obj
         .\Debug_mod_hl2\/c_barney.obj
         .\Debug_mod_hl2\/c_basehelicopter.obj
         .\Debug_mod_hl2\/c_basehlcombatweapon.obj
         .\Debug_mod_hl2\/c_basehlplayer.obj
         .\Debug_mod_hl2\/c_citadel_effects.obj
         .\Debug_mod_hl2\/c_corpse.obj
         .\Debug_mod_hl2\/c_env_alyxtemp.obj
         .\Debug_mod_hl2\/c_env_headcrabcanister.obj
         .\Debug_mod_hl2\/c_env_starfield.obj
         .\Debug_mod_hl2\/c_func_tankmortar.obj
         .\Debug_mod_hl2\/c_hl2_playerlocaldata.obj
         .\Debug_mod_hl2\/c_info_teleporter_countdown.obj
         .\Debug_mod_hl2\/c_npc_antlionguard.obj
         .\Debug_mod_hl2\/c_npc_combinegunship.obj
         .\Debug_mod_hl2\/c_npc_manhack.obj
         .\Debug_mod_hl2\/c_npc_rollermine.obj
         .\Debug_mod_hl2\/c_plasma_beam_node.obj
         .\Debug_mod_hl2\/c_prop_combine_ball.obj
         .\Debug_mod_hl2\/c_rotorwash.obj
         .\Debug_mod_hl2\/c_script_intro.obj
         .\Debug_mod_hl2\/c_strider.obj
         .\Debug_mod_hl2\/c_te_concussiveexplosion.obj
         .\Debug_mod_hl2\/c_te_flare.obj
         .\Debug_mod_hl2\/c_thumper_dust.obj
         .\Debug_mod_hl2\/c_vehicle_airboat.obj
         .\Debug_mod_hl2\/c_vehicle_cannon.obj
         .\Debug_mod_hl2\/c_vehicle_crane.obj
         .\Debug_mod_hl2\/c_vehicle_prisoner_pod.obj
         .\Debug_mod_hl2\/c_vort_charge_token.obj
         .\Debug_mod_hl2\/c_weapon__stubs_hl2.obj
         .\Debug_mod_hl2\/c_weapon_crossbow.obj
         .\Debug_mod_hl2\/c_weapon_physcannon.obj
         .\Debug_mod_hl2\/c_weapon_stunstick.obj
         .\Debug_mod_hl2\/clientmode_hlnormal.obj
         .\Debug_mod_hl2\/death.obj
         .\Debug_mod_hl2\/env_headcrabcanister_shared.obj
         .\Debug_mod_hl2\/fx_antlion.obj
         .\Debug_mod_hl2\/fx_bugbait.obj
         .\Debug_mod_hl2\/fx_hl2_impacts.obj
         .\Debug_mod_hl2\/fx_hl2_tracers.obj
         .\Debug_mod_hl2\/hl2_clientmode.obj
         .\Debug_mod_hl2\/hl2_gamerules.obj
         .\Debug_mod_hl2\/hl2_usermessages.obj
         .\Debug_mod_hl2\/hl_gamemovement.obj
         .\Debug_mod_hl2\/hl_in_main.obj
         .\Debug_mod_hl2\/hl_prediction.obj
         .\Debug_mod_hl2\/hud_ammo.obj
         .\Debug_mod_hl2\/hud_battery.obj
         .\Debug_mod_hl2\/hud_blood.obj
         .\Debug_mod_hl2\/hud_credits.obj
         .\Debug_mod_hl2\/hud_damageindicator.obj
         .\Debug_mod_hl2\/hud_flashlight.obj
         .\Debug_mod_hl2\/hud_health.obj
         .\Debug_mod_hl2\/hud_poisondamageindicator.obj
         .\Debug_mod_hl2\/hud_posture.obj
         .\Debug_mod_hl2\/hud_quickinfo.obj
         .\Debug_mod_hl2\/hud_squadstatus.obj
         .\Debug_mod_hl2\/hud_suitpower.obj
         .\Debug_mod_hl2\/hud_weaponselection.obj
         .\Debug_mod_hl2\/hud_zoom.obj
         .\Debug_mod_hl2\/script_intro_shared.obj
         .\Debug_mod_hl2\/shieldproxy.obj
         .\Debug_mod_hl2\/vgui_rootpanel_hl2.obj
         .\Debug_mod_hl2\/stdafx.obj
         .\Debug_mod_hl2\/in_sixense.obj
         .\Debug_mod_hl2\/in_sixense_gesture_bindings.obj
         .\Debug_mod_hl2\/sixense_convars.obj
         .\Debug_mod_hl2\/c_basetempentity.obj
         .\Debug_mod_hl2\/c_effects.obj
         .\Debug_mod_hl2\/c_impact_effects.obj
         .\Debug_mod_hl2\/c_movie_explosion.obj
         .\Debug_mod_hl2\/c_particle_fire.obj
         .\Debug_mod_hl2\/c_particle_smokegrenade.obj
         .\Debug_mod_hl2\/c_prop_vehicle.obj
         .\Debug_mod_hl2\/c_recipientfilter.obj
         .\Debug_mod_hl2\/c_smoke_trail.obj
         .\Debug_mod_hl2\/c_smokestack.obj
         .\Debug_mod_hl2\/c_steamjet.obj
         .\Debug_mod_hl2\/c_stickybolt.obj
         .\Debug_mod_hl2\/c_te.obj
         .\Debug_mod_hl2\/c_te_armorricochet.obj
         .\Debug_mod_hl2\/c_te_basebeam.obj
         .\Debug_mod_hl2\/c_te_beamentpoint.obj
         .\Debug_mod_hl2\/c_te_beaments.obj
         .\Debug_mod_hl2\/c_te_beamfollow.obj
         .\Debug_mod_hl2\/c_te_beamlaser.obj
         .\Debug_mod_hl2\/c_te_beampoints.obj
         .\Debug_mod_hl2\/c_te_beamring.obj
         .\Debug_mod_hl2\/c_te_beamringpoint.obj
         .\Debug_mod_hl2\/c_te_beamspline.obj
         .\Debug_mod_hl2\/c_te_bloodsprite.obj
         .\Debug_mod_hl2\/c_te_bloodstream.obj
         .\Debug_mod_hl2\/c_te_breakmodel.obj
         .\Debug_mod_hl2\/c_te_bspdecal.obj
         .\Debug_mod_hl2\/c_te_bubbles.obj
         .\Debug_mod_hl2\/c_te_bubbletrail.obj
         .\Debug_mod_hl2\/c_te_clientprojectile.obj
         .\Debug_mod_hl2\/c_te_decal.obj
         .\Debug_mod_hl2\/c_te_dynamiclight.obj
         .\Debug_mod_hl2\/c_te_effect_dispatch.obj
         .\Debug_mod_hl2\/c_te_energysplash.obj
         .\Debug_mod_hl2\/c_te_explosion.obj
         .\Debug_mod_hl2\/c_te_fizz.obj
         .\Debug_mod_hl2\/c_te_footprint.obj
         .\Debug_mod_hl2\/c_te_glassshatter.obj
         .\Debug_mod_hl2\/c_te_glowsprite.obj
         .\Debug_mod_hl2\/c_te_impact.obj
         .\Debug_mod_hl2\/c_te_killplayerattachments.obj
         .\Debug_mod_hl2\/c_te_largefunnel.obj
         .\Debug_mod_hl2\/c_te_legacytempents.obj
         .\Debug_mod_hl2\/c_te_muzzleflash.obj
         .\Debug_mod_hl2\/c_te_particlesystem.obj
         .\Debug_mod_hl2\/c_te_physicsprop.obj
         .\Debug_mod_hl2\/c_te_playerdecal.obj
         .\Debug_mod_hl2\/c_te_projecteddecal.obj
         .\Debug_mod_hl2\/c_te_showline.obj
         .\Debug_mod_hl2\/c_te_smoke.obj
         .\Debug_mod_hl2\/c_te_sparks.obj
         .\Debug_mod_hl2\/c_te_sprite.obj
         .\Debug_mod_hl2\/c_te_spritespray.obj
         .\Debug_mod_hl2\/c_te_worlddecal.obj
         .\Debug_mod_hl2\/c_testtraceline.obj
         .\Debug_mod_hl2\/c_tracer.obj
         .\Debug_mod_hl2\/fx.obj
         .\Debug_mod_hl2\/fx_discreetline.obj
         .\Debug_mod_hl2\/fx_envelope.obj
         .\Debug_mod_hl2\/fx_line.obj
         .\Debug_mod_hl2\/fx_sparks.obj
         .\Debug_mod_hl2\/particlesphererenderer.obj
         .\Debug_mod_hl2\/smoke_fog_overlay.obj
         .\Debug_mod_hl2\/bonelist.obj
         .\Debug_mod_hl2\/entity_client_tools.obj
         .\Debug_mod_hl2\/toolframework_client.obj
         ..\..\lib\public\bitmap.lib
         ..\..\lib\public\choreoobjects.lib
         ..\..\lib\public\dmxloader.lib
         ..\..\lib\common\libcurl.lib
         ..\..\lib\public\libprotobuf.lib
         ..\..\lib\public\libz.lib
         ..\..\lib\public\mathlib.lib
         ..\..\lib\public\matsys_controls.lib
         ..\..\lib\public\particles.lib
         ..\..\lib\public\steam_api.lib
         ..\..\lib\public\tier0.lib
         ..\..\lib\public\tier1.lib
         ..\..\lib\public\tier2.lib
         ..\..\lib\public\tier3.lib
         ..\..\lib\public\vgui_controls.lib
         ..\..\lib\public\vstdlib.lib
         ..\..\lib\public\vtf.lib
         client_hl2.vcxproj -> C:\sourceproject\justnormal\sp\src\game\client\.\Debug_mod_hl2\client.dll
       PostBuildEvent:
         if not exist "C:\Program Files (x86)\Steam\steamapps\sourcemods\hl2chaos\bin\." mkdir "C:\Program Files (x86)\Steam\steamapps\sourcemods\hl2chaos\bin\."
         copy "C:\sourceproject\justnormal\sp\src\game\client\Debug_mod_hl2\client.dll" "C:\Program Files (x86)\Steam\steamapps\sourcemods\hl2chaos\bin\.\client.dll"
         if ERRORLEVEL 1 goto BuildEventFailed
         if exist "C:\sourceproject\justnormal\sp\src\game\client\Debug_mod_hl2\client.map" copy "C:\sourceproject\justnormal\sp\src\game\client\Debug_mod_hl2\client.map" "C:\Program Files (x86)\Steam\steamapps\sourcemods\hl2chaos\bin\.\client.map"
         copy "C:\sourceproject\justnormal\sp\src\game\client\Debug_mod_hl2\client.pdb" "C:\Program Files (x86)\Steam\steamapps\sourcemods\hl2chaos\bin\.\client.pdb"
         if ERRORLEVEL 1 goto BuildEventFailed
         goto BuildEventOK
         :BuildEventFailed
         echo *** ERROR! PostBuildStep FAILED for Client (HL2)! EXE or DLL is probably running. ***
         del /q "C:\sourceproject\justnormal\sp\src\game\client\Debug_mod_hl2\client.dll"
         exit 1
         :BuildEventOK
         :VCEnd
                 1 file(s) copied.
                 1 file(s) copied.
     1>Done Building Project "C:\sourceproject\justnormal\sp\src\game\client\client_hl2.vcxproj" (Build target(s)).

Build succeeded.

Time Elapsed 00:00:01.31
