c:\sourceproject\justnormal\sp\src\game\client\release_mod_episodic\client.pch
c:\sourceproject\justnormal\sp\src\game\client\release_mod_episodic\vc120.pdb
c:\sourceproject\justnormal\sp\src\game\client\release_mod_episodic\stdafx.obj
c:\sourceproject\justnormal\sp\src\game\client\release_mod_episodic\animatedentitytextureproxy.obj
c:\sourceproject\justnormal\sp\src\game\client\release_mod_episodic\basecombatweapon_shared.obj
c:\sourceproject\justnormal\sp\src\game\client\release_mod_episodic\c_ai_basenpc.obj
c:\sourceproject\justnormal\sp\src\game\client\release_mod_episodic\c_baseplayer.obj
c:\sourceproject\justnormal\sp\src\game\client\release_mod_episodic\cam_thirdperson.obj
c:\sourceproject\justnormal\sp\src\game\client\release_mod_episodic\client_thinklist.obj
c:\sourceproject\justnormal\sp\src\game\client\release_mod_episodic\clientsideeffects.obj
c:\sourceproject\justnormal\sp\src\game\client\release_mod_episodic\clientsteamcontext.obj
c:\sourceproject\justnormal\sp\src\game\client\release_mod_episodic\entityparticletrail_shared.obj
c:\sourceproject\justnormal\sp\src\game\client\release_mod_episodic\eventlist.obj
c:\sourceproject\justnormal\sp\src\game\client\release_mod_episodic\func_ladder.obj
c:\sourceproject\justnormal\sp\src\game\client\release_mod_episodic\gamerules_register.obj
c:\sourceproject\justnormal\sp\src\game\client\release_mod_episodic\gametrace_client.obj
c:\sourceproject\justnormal\sp\src\game\client\release_mod_episodic\glow_outline_effect.obj
c:\sourceproject\justnormal\sp\src\game\client\release_mod_episodic\haptic_utils.obj
c:\sourceproject\justnormal\sp\src\game\client\release_mod_episodic\hud_basechat.obj
c:\sourceproject\justnormal\sp\src\game\client\release_mod_episodic\hud_weapon.obj
c:\sourceproject\justnormal\sp\src\game\client\release_mod_episodic\particlemgr.obj
c:\sourceproject\justnormal\sp\src\game\client\release_mod_episodic\spritemodel.obj
c:\sourceproject\justnormal\sp\src\game\client\release_mod_episodic\vgui_avatarimage.obj
c:\sourceproject\justnormal\sp\src\game\client\release_mod_episodic\view_effects.obj
c:\sourceproject\justnormal\sp\src\game\client\release_mod_episodic\basemodel_panel.obj
c:\sourceproject\justnormal\sp\src\game\client\release_mod_episodic\achievements_ep1.obj
c:\sourceproject\justnormal\sp\src\game\client\release_mod_episodic\c_basehlplayer.obj
c:\sourceproject\justnormal\sp\src\game\client\release_mod_episodic\c_weapon_stunstick.obj
c:\sourceproject\justnormal\sp\src\game\client\release_mod_episodic\hl_in_main.obj
c:\sourceproject\justnormal\sp\src\game\client\release_mod_episodic\hud_blood.obj
c:\sourceproject\justnormal\sp\src\game\client\release_mod_episodic\hud_locator.obj
c:\sourceproject\justnormal\sp\src\game\client\release_mod_episodic\hud_weaponselection.obj
c:\sourceproject\justnormal\sp\src\game\client\release_mod_episodic\c_te_dynamiclight.obj
c:\sourceproject\justnormal\sp\src\game\client\release_mod_episodic\c_te_largefunnel.obj
c:\sourceproject\justnormal\sp\src\game\client\release_mod_episodic\c_te_showline.obj
c:\sourceproject\justnormal\sp\src\game\client\release_mod_episodic\c_tracer.obj
c:\sourceproject\justnormal\sp\src\game\client\release_mod_episodic\fx_envelope.obj
c:\sourceproject\justnormal\sp\src\game\client\release_mod_episodic\achievement_notification_panel.obj
c:\sourceproject\justnormal\sp\src\game\client\release_mod_episodic\c_func_lod.obj
c:\sourceproject\justnormal\sp\src\game\client\release_mod_episodic\c_func_rotating.obj
c:\sourceproject\justnormal\sp\src\game\client\release_mod_episodic\c_lightglow.obj
c:\sourceproject\justnormal\sp\src\game\client\release_mod_episodic\c_playerresource.obj
c:\sourceproject\justnormal\sp\src\game\client\release_mod_episodic\c_rumble.obj
c:\sourceproject\justnormal\sp\src\game\client\release_mod_episodic\c_slideshow_display.obj
c:\sourceproject\justnormal\sp\src\game\client\release_mod_episodic\c_world.obj
c:\sourceproject\justnormal\sp\src\game\client\release_mod_episodic\cliententitylist.obj
c:\sourceproject\justnormal\sp\src\game\client\release_mod_episodic\clientsideeffects_test.obj
c:\sourceproject\justnormal\sp\src\game\client\release_mod_episodic\collisionproperty.obj
c:\sourceproject\justnormal\sp\src\game\client\release_mod_episodic\decals.obj
c:\sourceproject\justnormal\sp\src\game\client\release_mod_episodic\fx_explosion.obj
c:\sourceproject\justnormal\sp\src\game\client\release_mod_episodic\gamevars_shared.obj
c:\sourceproject\justnormal\sp\src\game\client\release_mod_episodic\haptic_msgs.obj
c:\sourceproject\justnormal\sp\src\game\client\release_mod_episodic\history_resource.obj
c:\sourceproject\justnormal\sp\src\game\client\release_mod_episodic\hud_crosshair.obj
c:\sourceproject\justnormal\sp\src\game\client\release_mod_episodic\igamesystem.obj
c:\sourceproject\justnormal\sp\src\game\client\release_mod_episodic\initializer.obj
c:\sourceproject\justnormal\sp\src\game\client\release_mod_episodic\interpolatedvar.obj
c:\sourceproject\justnormal\sp\src\game\client\release_mod_episodic\mapentities_shared.obj
c:\sourceproject\justnormal\sp\src\game\client\release_mod_episodic\message.obj
c:\sourceproject\justnormal\sp\src\game\client\release_mod_episodic\proxyhealth.obj
c:\sourceproject\justnormal\sp\src\game\client\release_mod_episodic\proxypupil.obj
c:\sourceproject\justnormal\sp\src\game\client\release_mod_episodic\saverestore.obj
c:\sourceproject\justnormal\sp\src\game\client\release_mod_episodic\vgui_bitmappanel.obj
c:\sourceproject\justnormal\sp\src\game\client\release_mod_episodic\vgui_messagechars.obj
c:\sourceproject\justnormal\sp\src\game\client\release_mod_episodic\view_scene.obj
c:\sourceproject\justnormal\sp\src\game\client\release_mod_episodic\voice_status.obj
c:\sourceproject\justnormal\sp\src\game\client\release_mod_episodic\teammenu.obj
c:\sourceproject\justnormal\sp\src\game\client\release_mod_episodic\c_vehicle_airboat.obj
c:\sourceproject\justnormal\sp\src\game\client\release_mod_episodic\hl2_usermessages.obj
c:\sourceproject\justnormal\sp\src\game\client\release_mod_episodic\hud_ammo.obj
c:\sourceproject\justnormal\sp\src\game\client\release_mod_episodic\hud_squadstatus.obj
c:\sourceproject\justnormal\sp\src\game\client\release_mod_episodic\c_te_basebeam.obj
c:\sourceproject\justnormal\sp\src\game\client\release_mod_episodic\c_te_beamlaser.obj
c:\sourceproject\justnormal\sp\src\game\client\release_mod_episodic\c_te_breakmodel.obj
c:\sourceproject\justnormal\sp\src\game\client\release_mod_episodic\c_te_footprint.obj
c:\sourceproject\justnormal\sp\src\game\client\release_mod_episodic\c_te_projecteddecal.obj
c:\sourceproject\justnormal\sp\src\game\client\release_mod_episodic\fx_sparks.obj
c:\sourceproject\justnormal\sp\src\game\client\release_mod_episodic\achievementmgr.obj
c:\sourceproject\justnormal\sp\src\game\client\release_mod_episodic\c_pixel_visibility.obj
c:\sourceproject\justnormal\sp\src\game\client\release_mod_episodic\c_team.obj
c:\sourceproject\justnormal\sp\src\game\client\release_mod_episodic\c_user_message_register.obj
c:\sourceproject\justnormal\sp\src\game\client\release_mod_episodic\c_waterbullet.obj
c:\sourceproject\justnormal\sp\src\game\client\release_mod_episodic\cdll_bounded_cvars.obj
c:\sourceproject\justnormal\sp\src\game\client\release_mod_episodic\client_factorylist.obj
c:\sourceproject\justnormal\sp\src\game\client\release_mod_episodic\clienteffectprecachesystem.obj
c:\sourceproject\justnormal\sp\src\game\client\release_mod_episodic\clientmode_shared.obj
c:\sourceproject\justnormal\sp\src\game\client\release_mod_episodic\hud_redraw.obj
c:\sourceproject\justnormal\sp\src\game\client\release_mod_episodic\particle_property.obj
c:\sourceproject\justnormal\sp\src\game\client\release_mod_episodic\particles_simple.obj
c:\sourceproject\justnormal\sp\src\game\client\release_mod_episodic\playerandobjectenumerator.obj
c:\sourceproject\justnormal\sp\src\game\client\release_mod_episodic\point_posecontroller.obj
c:\sourceproject\justnormal\sp\src\game\client\release_mod_episodic\props_shared.obj
c:\sourceproject\justnormal\sp\src\game\client\release_mod_episodic\takedamageinfo.obj
c:\sourceproject\justnormal\sp\src\game\client\release_mod_episodic\teamplay_gamerules.obj
c:\sourceproject\justnormal\sp\src\game\client\release_mod_episodic\text_message.obj
c:\sourceproject\justnormal\sp\src\game\client\release_mod_episodic\vgui_bitmapimage.obj
c:\sourceproject\justnormal\sp\src\game\client\release_mod_episodic\vgui_netgraphpanel.obj
c:\sourceproject\justnormal\sp\src\game\client\release_mod_episodic\voice_banmgr.obj
c:\sourceproject\justnormal\sp\src\game\client\release_mod_episodic\basemodelpanel.obj
c:\sourceproject\justnormal\sp\src\game\client\release_mod_episodic\basehlcombatweapon_shared.obj
c:\sourceproject\justnormal\sp\src\game\client\release_mod_episodic\c_basehelicopter.obj
c:\sourceproject\justnormal\sp\src\game\client\release_mod_episodic\c_env_alyxtemp.obj
c:\sourceproject\justnormal\sp\src\game\client\release_mod_episodic\c_info_teleporter_countdown.obj
c:\sourceproject\justnormal\sp\src\game\client\release_mod_episodic\hud_radar.obj
c:\sourceproject\justnormal\sp\src\game\client\release_mod_episodic\c_te.obj
c:\sourceproject\justnormal\sp\src\game\client\release_mod_episodic\c_te_beaments.obj
c:\sourceproject\justnormal\sp\src\game\client\release_mod_episodic\c_te_bloodsprite.obj
c:\sourceproject\justnormal\sp\src\game\client\release_mod_episodic\c_te_fizz.obj
c:\sourceproject\justnormal\sp\src\game\client\release_mod_episodic\c_te_physicsprop.obj
c:\sourceproject\justnormal\sp\src\game\client\release_mod_episodic\fx_discreetline.obj
c:\sourceproject\justnormal\sp\src\game\client\release_mod_episodic\smoke_fog_overlay.obj
c:\sourceproject\justnormal\sp\src\game\client\release_mod_episodic\replaycamera.obj
c:\sourceproject\justnormal\sp\src\game\client\release_mod_episodic\animation.obj
c:\sourceproject\justnormal\sp\src\game\client\release_mod_episodic\basepresence.obj
c:\sourceproject\justnormal\sp\src\game\client\release_mod_episodic\beam_shared.obj
c:\sourceproject\justnormal\sp\src\game\client\release_mod_episodic\c_colorcorrectionvolume.obj
c:\sourceproject\justnormal\sp\src\game\client\release_mod_episodic\c_env_particlescript.obj
c:\sourceproject\justnormal\sp\src\game\client\release_mod_episodic\c_fish.obj
c:\sourceproject\justnormal\sp\src\game\client\release_mod_episodic\c_func_reflective_glass.obj
c:\sourceproject\justnormal\sp\src\game\client\release_mod_episodic\c_hairball.obj
c:\sourceproject\justnormal\sp\src\game\client\release_mod_episodic\c_point_camera.obj
c:\sourceproject\justnormal\sp\src\game\client\release_mod_episodic\c_sceneentity.obj
c:\sourceproject\justnormal\sp\src\game\client\release_mod_episodic\entitylist_base.obj
c:\sourceproject\justnormal\sp\src\game\client\release_mod_episodic\env_detail_controller.obj
c:\sourceproject\justnormal\sp\src\game\client\release_mod_episodic\fx_blood.obj
c:\sourceproject\justnormal\sp\src\game\client\release_mod_episodic\gamemovement.obj
c:\sourceproject\justnormal\sp\src\game\client\release_mod_episodic\hltvcamera.obj
c:\sourceproject\justnormal\sp\src\game\client\release_mod_episodic\hud_basetimer.obj
c:\sourceproject\justnormal\sp\src\game\client\release_mod_episodic\hud_element_helper.obj
c:\sourceproject\justnormal\sp\src\game\client\release_mod_episodic\hud_hdrdemo.obj
c:\sourceproject\justnormal\sp\src\game\client\release_mod_episodic\in_joystick.obj
c:\sourceproject\justnormal\sp\src\game\client\release_mod_episodic\mp_shareddefs.obj
c:\sourceproject\justnormal\sp\src\game\client\release_mod_episodic\multiplay_gamerules.obj
c:\sourceproject\justnormal\sp\src\game\client\release_mod_episodic\perfvisualbenchmark.obj
c:\sourceproject\justnormal\sp\src\game\client\release_mod_episodic\physics_main_shared.obj
c:\sourceproject\justnormal\sp\src\game\client\release_mod_episodic\texturescrollmaterialproxy.obj
c:\sourceproject\justnormal\sp\src\game\client\release_mod_episodic\toggletextureproxy.obj
c:\sourceproject\justnormal\sp\src\game\client\release_mod_episodic\vgui_basepanel.obj
c:\sourceproject\justnormal\sp\src\game\client\release_mod_episodic\vgui_schemevisualizer.obj
c:\sourceproject\justnormal\sp\src\game\client\release_mod_episodic\commandmenu.obj
c:\sourceproject\justnormal\sp\src\game\client\release_mod_episodic\achievements_ep2.obj
c:\sourceproject\justnormal\sp\src\game\client\release_mod_episodic\achievements_epx.obj
c:\sourceproject\justnormal\sp\src\game\client\release_mod_episodic\c_npc_advisor.obj
c:\sourceproject\justnormal\sp\src\game\client\release_mod_episodic\c_npc_manhack.obj
c:\sourceproject\justnormal\sp\src\game\client\release_mod_episodic\c_prop_scalable.obj
c:\sourceproject\justnormal\sp\src\game\client\release_mod_episodic\c_strider.obj
c:\sourceproject\justnormal\sp\src\game\client\release_mod_episodic\fx_hl2_impacts.obj
c:\sourceproject\justnormal\sp\src\game\client\release_mod_episodic\hl_prediction.obj
c:\sourceproject\justnormal\sp\src\game\client\release_mod_episodic\hud_flashlight.obj
c:\sourceproject\justnormal\sp\src\game\client\release_mod_episodic\hud_suitpower.obj
c:\sourceproject\justnormal\sp\src\game\client\release_mod_episodic\c_te_beamentpoint.obj
c:\sourceproject\justnormal\sp\src\game\client\release_mod_episodic\c_te_beamspline.obj
c:\sourceproject\justnormal\sp\src\game\client\release_mod_episodic\c_te_energysplash.obj
c:\sourceproject\justnormal\sp\src\game\client\release_mod_episodic\c_te_muzzleflash.obj
c:\sourceproject\justnormal\sp\src\game\client\release_mod_episodic\c_te_sparks.obj
c:\sourceproject\justnormal\sp\src\game\client\release_mod_episodic\fx_line.obj
c:\sourceproject\justnormal\sp\src\game\client\release_mod_episodic\animatedoffsettextureproxy.obj
c:\sourceproject\justnormal\sp\src\game\client\release_mod_episodic\baseclientrendertargets.obj
c:\sourceproject\justnormal\sp\src\game\client\release_mod_episodic\basegrenade_shared.obj
c:\sourceproject\justnormal\sp\src\game\client\release_mod_episodic\beamdraw.obj
c:\sourceproject\justnormal\sp\src\game\client\release_mod_episodic\c_basecombatweapon.obj
c:\sourceproject\justnormal\sp\src\game\client\release_mod_episodic\c_env_tonemap_controller.obj
c:\sourceproject\justnormal\sp\src\game\client\release_mod_episodic\c_func_breakablesurf.obj
c:\sourceproject\justnormal\sp\src\game\client\release_mod_episodic\c_particle_system.obj
c:\sourceproject\justnormal\sp\src\game\client\release_mod_episodic\c_ragdoll_manager.obj
c:\sourceproject\justnormal\sp\src\game\client\release_mod_episodic\c_shadowcontrol.obj
c:\sourceproject\justnormal\sp\src\game\client\release_mod_episodic\c_sprite_perfmonitor.obj
c:\sourceproject\justnormal\sp\src\game\client\release_mod_episodic\c_team_objectiveresource.obj
c:\sourceproject\justnormal\sp\src\game\client\release_mod_episodic\cdll_client_int.obj
c:\sourceproject\justnormal\sp\src\game\client\release_mod_episodic\matrixproxy.obj
c:\sourceproject\justnormal\sp\src\game\client\release_mod_episodic\movevars_shared.obj
c:\sourceproject\justnormal\sp\src\game\client\release_mod_episodic\obstacle_pushaway.obj
c:\sourceproject\justnormal\sp\src\game\client\release_mod_episodic\particle_litsmokeemitter.obj
c:\sourceproject\justnormal\sp\src\game\client\release_mod_episodic\particle_simple3d.obj
c:\sourceproject\justnormal\sp\src\game\client\release_mod_episodic\particlesystemquery.obj
c:\sourceproject\justnormal\sp\src\game\client\release_mod_episodic\physics_shared.obj
c:\sourceproject\justnormal\sp\src\game\client\release_mod_episodic\proxyentity.obj
c:\sourceproject\justnormal\sp\src\game\client\release_mod_episodic\proxyplayer.obj
c:\sourceproject\justnormal\sp\src\game\client\release_mod_episodic\soundemittersystem.obj
c:\sourceproject\justnormal\sp\src\game\client\release_mod_episodic\vgui_int.obj
c:\sourceproject\justnormal\sp\src\game\client\release_mod_episodic\viewconeimage.obj
c:\sourceproject\justnormal\sp\src\game\client\release_mod_episodic\mapoverview.obj
c:\sourceproject\justnormal\sp\src\game\client\release_mod_episodic\c_corpse.obj
c:\sourceproject\justnormal\sp\src\game\client\release_mod_episodic\c_hl2_playerlocaldata.obj
c:\sourceproject\justnormal\sp\src\game\client\release_mod_episodic\c_npc_antlionguard.obj
c:\sourceproject\justnormal\sp\src\game\client\release_mod_episodic\c_prop_combine_ball.obj
c:\sourceproject\justnormal\sp\src\game\client\release_mod_episodic\c_te_concussiveexplosion.obj
c:\sourceproject\justnormal\sp\src\game\client\release_mod_episodic\c_vehicle_crane.obj
c:\sourceproject\justnormal\sp\src\game\client\release_mod_episodic\c_weapon_hopwire.obj
c:\sourceproject\justnormal\sp\src\game\client\release_mod_episodic\fx_antlion.obj
c:\sourceproject\justnormal\sp\src\game\client\release_mod_episodic\hud_battery.obj
c:\sourceproject\justnormal\sp\src\game\client\release_mod_episodic\hud_quickinfo.obj
c:\sourceproject\justnormal\sp\src\game\client\release_mod_episodic\c_smokestack.obj
c:\sourceproject\justnormal\sp\src\game\client\release_mod_episodic\c_te_bubbles.obj
c:\sourceproject\justnormal\sp\src\game\client\release_mod_episodic\c_te_glowsprite.obj
c:\sourceproject\justnormal\sp\src\game\client\release_mod_episodic\c_testtraceline.obj
c:\sourceproject\justnormal\sp\src\game\client\release_mod_episodic\ammodef.obj
c:\sourceproject\justnormal\sp\src\game\client\release_mod_episodic\baseanimatedtextureproxy.obj
c:\sourceproject\justnormal\sp\src\game\client\release_mod_episodic\baseplayer_shared.obj
c:\sourceproject\justnormal\sp\src\game\client\release_mod_episodic\c_basedoor.obj
c:\sourceproject\justnormal\sp\src\game\client\release_mod_episodic\c_breakableprop.obj
c:\sourceproject\justnormal\sp\src\game\client\release_mod_episodic\c_entitydissolve.obj
c:\sourceproject\justnormal\sp\src\game\client\release_mod_episodic\c_fire_smoke.obj
c:\sourceproject\justnormal\sp\src\game\client\release_mod_episodic\c_info_overlay_accessor.obj
c:\sourceproject\justnormal\sp\src\game\client\release_mod_episodic\c_physbox.obj
c:\sourceproject\justnormal\sp\src\game\client\release_mod_episodic\c_props.obj
c:\sourceproject\justnormal\sp\src\game\client\release_mod_episodic\c_sprite.obj
c:\sourceproject\justnormal\sp\src\game\client\release_mod_episodic\c_vehicle_jeep.obj
c:\sourceproject\justnormal\sp\src\game\client\release_mod_episodic\cdll_util.obj
c:\sourceproject\justnormal\sp\src\game\client\release_mod_episodic\colorcorrectionmgr.obj
c:\sourceproject\justnormal\sp\src\game\client\release_mod_episodic\death_pose.obj
c:\sourceproject\justnormal\sp\src\game\client\release_mod_episodic\debugoverlay_shared.obj
c:\sourceproject\justnormal\sp\src\game\client\release_mod_episodic\detailobjectsystem.obj
c:\sourceproject\justnormal\sp\src\game\client\release_mod_episodic\geiger.obj
c:\sourceproject\justnormal\sp\src\game\client\release_mod_episodic\hud_chat.obj
c:\sourceproject\justnormal\sp\src\game\client\release_mod_episodic\isnpcproxy.obj
c:\sourceproject\justnormal\sp\src\game\client\release_mod_episodic\lampbeamproxy.obj
c:\sourceproject\justnormal\sp\src\game\client\release_mod_episodic\menu.obj
c:\sourceproject\justnormal\sp\src\game\client\release_mod_episodic\ragdoll_shared.obj
c:\sourceproject\justnormal\sp\src\game\client\release_mod_episodic\teamplayroundbased_gamerules.obj
c:\sourceproject\justnormal\sp\src\game\client\release_mod_episodic\view.obj
c:\sourceproject\justnormal\sp\src\game\client\release_mod_episodic\waterlodmaterialproxy.obj
c:\sourceproject\justnormal\sp\src\game\client\release_mod_episodic\weapon_parse_default.obj
c:\sourceproject\justnormal\sp\src\game\client\release_mod_episodic\weapon_selection.obj
c:\sourceproject\justnormal\sp\src\game\client\release_mod_episodic\vguitextwindow.obj
c:\sourceproject\justnormal\sp\src\game\client\release_mod_episodic\c_weapon_crossbow.obj
c:\sourceproject\justnormal\sp\src\game\client\release_mod_episodic\env_headcrabcanister_shared.obj
c:\sourceproject\justnormal\sp\src\game\client\release_mod_episodic\fx_hl2_tracers.obj
c:\sourceproject\justnormal\sp\src\game\client\release_mod_episodic\hud_credits.obj
c:\sourceproject\justnormal\sp\src\game\client\release_mod_episodic\c_impact_effects.obj
c:\sourceproject\justnormal\sp\src\game\client\release_mod_episodic\c_prop_vehicle.obj
c:\sourceproject\justnormal\sp\src\game\client\release_mod_episodic\fx.obj
c:\sourceproject\justnormal\sp\src\game\client\release_mod_episodic\mp3player.obj
c:\sourceproject\justnormal\sp\src\game\client\release_mod_episodic\base_playeranimstate.obj
c:\sourceproject\justnormal\sp\src\game\client\release_mod_episodic\c_basecombatcharacter.obj
c:\sourceproject\justnormal\sp\src\game\client\release_mod_episodic\c_baseviewmodel.obj
c:\sourceproject\justnormal\sp\src\game\client\release_mod_episodic\c_colorcorrection.obj
c:\sourceproject\justnormal\sp\src\game\client\release_mod_episodic\c_env_fog_controller.obj
c:\sourceproject\justnormal\sp\src\game\client\release_mod_episodic\c_env_screenoverlay.obj
c:\sourceproject\justnormal\sp\src\game\client\release_mod_episodic\c_func_monitor.obj
c:\sourceproject\justnormal\sp\src\game\client\release_mod_episodic\c_func_smokevolume.obj
c:\sourceproject\justnormal\sp\src\game\client\release_mod_episodic\c_physicsprop.obj
c:\sourceproject\justnormal\sp\src\game\client\release_mod_episodic\c_spotlight_end.obj
c:\sourceproject\justnormal\sp\src\game\client\release_mod_episodic\c_sun.obj
c:\sourceproject\justnormal\sp\src\game\client\release_mod_episodic\c_tesla.obj
c:\sourceproject\justnormal\sp\src\game\client\release_mod_episodic\c_waterlodcontrol.obj
c:\sourceproject\justnormal\sp\src\game\client\release_mod_episodic\camomaterialproxy.obj
c:\sourceproject\justnormal\sp\src\game\client\release_mod_episodic\clientleafsystem.obj
c:\sourceproject\justnormal\sp\src\game\client\release_mod_episodic\functionproxy.obj
c:\sourceproject\justnormal\sp\src\game\client\release_mod_episodic\fx_cube.obj
c:\sourceproject\justnormal\sp\src\game\client\release_mod_episodic\fx_impact.obj
c:\sourceproject\justnormal\sp\src\game\client\release_mod_episodic\gamestringpool.obj
c:\sourceproject\justnormal\sp\src\game\client\release_mod_episodic\hintsystem.obj
c:\sourceproject\justnormal\sp\src\game\client\release_mod_episodic\hud_autoaim.obj
c:\sourceproject\justnormal\sp\src\game\client\release_mod_episodic\hud_filmdemo.obj
c:\sourceproject\justnormal\sp\src\game\client\release_mod_episodic\in_camera.obj
c:\sourceproject\justnormal\sp\src\game\client\release_mod_episodic\lamphaloproxy.obj
c:\sourceproject\justnormal\sp\src\game\client\release_mod_episodic\movehelper_client.obj
c:\sourceproject\justnormal\sp\src\game\client\release_mod_episodic\particles_attractor.obj
c:\sourceproject\justnormal\sp\src\game\client\release_mod_episodic\particles_new.obj
c:\sourceproject\justnormal\sp\src\game\client\release_mod_episodic\playerspawncache.obj
c:\sourceproject\justnormal\sp\src\game\client\release_mod_episodic\point_bonusmaps_accessor.obj
c:\sourceproject\justnormal\sp\src\game\client\release_mod_episodic\precache_register.obj
c:\sourceproject\justnormal\sp\src\game\client\release_mod_episodic\prediction.obj
c:\sourceproject\justnormal\sp\src\game\client\release_mod_episodic\vehicle_viewblend_shared.obj
c:\sourceproject\justnormal\sp\src\game\client\release_mod_episodic\vgui_centerstringpanel.obj
c:\sourceproject\justnormal\sp\src\game\client\release_mod_episodic\vgui_video_player.obj
c:\sourceproject\justnormal\sp\src\game\client\release_mod_episodic\warp_overlay.obj
c:\sourceproject\justnormal\sp\src\game\client\release_mod_episodic\worlddimsproxy.obj
c:\sourceproject\justnormal\sp\src\game\client\release_mod_episodic\baseviewport.obj
c:\sourceproject\justnormal\sp\src\game\client\release_mod_episodic\c_vehicle_prisoner_pod.obj
c:\sourceproject\justnormal\sp\src\game\client\release_mod_episodic\clientmode_hlnormal.obj
c:\sourceproject\justnormal\sp\src\game\client\release_mod_episodic\c_smoke_trail.obj
c:\sourceproject\justnormal\sp\src\game\client\release_mod_episodic\c_te_effect_dispatch.obj
c:\sourceproject\justnormal\sp\src\game\client\release_mod_episodic\c_te_particlesystem.obj
c:\sourceproject\justnormal\sp\src\game\client\release_mod_episodic\c_te_spritespray.obj
c:\sourceproject\justnormal\sp\src\game\client\release_mod_episodic\bonelist.obj
c:\sourceproject\justnormal\sp\src\game\client\release_mod_episodic\achievements_hlx.obj
c:\sourceproject\justnormal\sp\src\game\client\release_mod_episodic\baseachievement.obj
c:\sourceproject\justnormal\sp\src\game\client\release_mod_episodic\c_func_areaportalwindow.obj
c:\sourceproject\justnormal\sp\src\game\client\release_mod_episodic\c_func_occluder.obj
c:\sourceproject\justnormal\sp\src\game\client\release_mod_episodic\c_gib.obj
c:\sourceproject\justnormal\sp\src\game\client\release_mod_episodic\c_physmagnet.obj
c:\sourceproject\justnormal\sp\src\game\client\release_mod_episodic\c_rope.obj
c:\sourceproject\justnormal\sp\src\game\client\release_mod_episodic\cl_mat_stub.obj
c:\sourceproject\justnormal\sp\src\game\client\release_mod_episodic\client_virtualreality.obj
c:\sourceproject\justnormal\sp\src\game\client\release_mod_episodic\ehandle.obj
c:\sourceproject\justnormal\sp\src\game\client\release_mod_episodic\entityoriginmaterialproxy.obj
c:\sourceproject\justnormal\sp\src\game\client\release_mod_episodic\flashlighteffect.obj
c:\sourceproject\justnormal\sp\src\game\client\release_mod_episodic\fx_interpvalue.obj
c:\sourceproject\justnormal\sp\src\game\client\release_mod_episodic\fx_shelleject.obj
c:\sourceproject\justnormal\sp\src\game\client\release_mod_episodic\fx_trail.obj
c:\sourceproject\justnormal\sp\src\game\client\release_mod_episodic\glow_overlay.obj
c:\sourceproject\justnormal\sp\src\game\client\release_mod_episodic\hud.obj
c:\sourceproject\justnormal\sp\src\game\client\release_mod_episodic\hud_pdump.obj
c:\sourceproject\justnormal\sp\src\game\client\release_mod_episodic\particle_collision.obj
c:\sourceproject\justnormal\sp\src\game\client\release_mod_episodic\particle_parse.obj
c:\sourceproject\justnormal\sp\src\game\client\release_mod_episodic\physics_saverestore.obj
c:\sourceproject\justnormal\sp\src\game\client\release_mod_episodic\simtimer.obj
c:\sourceproject\justnormal\sp\src\game\client\release_mod_episodic\splinepatch.obj
c:\sourceproject\justnormal\sp\src\game\client\release_mod_episodic\spritetrail.obj
c:\sourceproject\justnormal\sp\src\game\client\release_mod_episodic\util_shared.obj
c:\sourceproject\justnormal\sp\src\game\client\release_mod_episodic\vgui_fpspanel.obj
c:\sourceproject\justnormal\sp\src\game\client\release_mod_episodic\viewdebug.obj
c:\sourceproject\justnormal\sp\src\game\client\release_mod_episodic\weapons_resource.obj
c:\sourceproject\justnormal\sp\src\game\client\release_mod_episodic\navprogress.obj
c:\sourceproject\justnormal\sp\src\game\client\release_mod_episodic\c_ar2_explosion.obj
c:\sourceproject\justnormal\sp\src\game\client\release_mod_episodic\c_basehlcombatweapon.obj
c:\sourceproject\justnormal\sp\src\game\client\release_mod_episodic\c_func_tankmortar.obj
c:\sourceproject\justnormal\sp\src\game\client\release_mod_episodic\c_npc_combinegunship.obj
c:\sourceproject\justnormal\sp\src\game\client\release_mod_episodic\c_thumper_dust.obj
c:\sourceproject\justnormal\sp\src\game\client\release_mod_episodic\c_vort_charge_token.obj
c:\sourceproject\justnormal\sp\src\game\client\release_mod_episodic\episodic_screenspaceeffects.obj
c:\sourceproject\justnormal\sp\src\game\client\release_mod_episodic\fx_bugbait.obj
c:\sourceproject\justnormal\sp\src\game\client\release_mod_episodic\hl2_gamerules.obj
c:\sourceproject\justnormal\sp\src\game\client\release_mod_episodic\hud_health.obj
c:\sourceproject\justnormal\sp\src\game\client\release_mod_episodic\hud_zoom.obj
c:\sourceproject\justnormal\sp\src\game\client\release_mod_episodic\c_te_beamfollow.obj
c:\sourceproject\justnormal\sp\src\game\client\release_mod_episodic\c_te_bloodstream.obj
c:\sourceproject\justnormal\sp\src\game\client\release_mod_episodic\c_te_explosion.obj
c:\sourceproject\justnormal\sp\src\game\client\release_mod_episodic\c_te_sprite.obj
c:\sourceproject\justnormal\sp\src\game\client\release_mod_episodic\activitylist.obj
c:\sourceproject\justnormal\sp\src\game\client\release_mod_episodic\c_baseentity.obj
c:\sourceproject\justnormal\sp\src\game\client\release_mod_episodic\c_func_conveyor.obj
c:\sourceproject\justnormal\sp\src\game\client\release_mod_episodic\c_func_tracktrain.obj
c:\sourceproject\justnormal\sp\src\game\client\release_mod_episodic\c_materialmodifycontrol.obj
c:\sourceproject\justnormal\sp\src\game\client\release_mod_episodic\c_point_commentary_node.obj
c:\sourceproject\justnormal\sp\src\game\client\release_mod_episodic\commentary_modelviewer.obj
c:\sourceproject\justnormal\sp\src\game\client\release_mod_episodic\hud_numericdisplay.obj
c:\sourceproject\justnormal\sp\src\game\client\release_mod_episodic\in_main.obj
c:\sourceproject\justnormal\sp\src\game\client\release_mod_episodic\predictableid.obj
c:\sourceproject\justnormal\sp\src\game\client\release_mod_episodic\predictioncopy.obj
c:\sourceproject\justnormal\sp\src\game\client\release_mod_episodic\ragdoll.obj
c:\sourceproject\justnormal\sp\src\game\client\release_mod_episodic\timematerialproxy.obj
c:\sourceproject\justnormal\sp\src\game\client\release_mod_episodic\usermessages.obj
c:\sourceproject\justnormal\sp\src\game\client\release_mod_episodic\vgui_consolepanel.obj
c:\sourceproject\justnormal\sp\src\game\client\release_mod_episodic\vgui_debugoverlaypanel.obj
c:\sourceproject\justnormal\sp\src\game\client\release_mod_episodic\vgui_video.obj
c:\sourceproject\justnormal\sp\src\game\client\release_mod_episodic\weapon_parse.obj
c:\sourceproject\justnormal\sp\src\game\client\release_mod_episodic\iconpanel.obj
c:\sourceproject\justnormal\sp\src\game\client\release_mod_episodic\spectatorgui.obj
c:\sourceproject\justnormal\sp\src\game\client\release_mod_episodic\c_npc_rollermine.obj
c:\sourceproject\justnormal\sp\src\game\client\release_mod_episodic\c_te_flare.obj
c:\sourceproject\justnormal\sp\src\game\client\release_mod_episodic\c_weapon__stubs_hl2.obj
c:\sourceproject\justnormal\sp\src\game\client\release_mod_episodic\hl2_clientmode.obj
c:\sourceproject\justnormal\sp\src\game\client\release_mod_episodic\c_te_armorricochet.obj
c:\sourceproject\justnormal\sp\src\game\client\release_mod_episodic\c_te_beamringpoint.obj
c:\sourceproject\justnormal\sp\src\game\client\release_mod_episodic\c_te_decal.obj
c:\sourceproject\justnormal\sp\src\game\client\release_mod_episodic\c_te_legacytempents.obj
c:\sourceproject\justnormal\sp\src\game\client\release_mod_episodic\cdll_replay.obj
c:\sourceproject\justnormal\sp\src\game\client\release_mod_episodic\animatedtextureproxy.obj
c:\sourceproject\justnormal\sp\src\game\client\release_mod_episodic\basecombatcharacter_shared.obj
c:\sourceproject\justnormal\sp\src\game\client\release_mod_episodic\baseviewmodel_shared.obj
c:\sourceproject\justnormal\sp\src\game\client\release_mod_episodic\c_baseflex.obj
c:\sourceproject\justnormal\sp\src\game\client\release_mod_episodic\c_vehicle_choreo_generic.obj
c:\sourceproject\justnormal\sp\src\game\client\release_mod_episodic\classmap.obj
c:\sourceproject\justnormal\sp\src\game\client\release_mod_episodic\clientshadowmgr.obj
c:\sourceproject\justnormal\sp\src\game\client\release_mod_episodic\fx_staticline.obj
c:\sourceproject\justnormal\sp\src\game\client\release_mod_episodic\fx_water.obj
c:\sourceproject\justnormal\sp\src\game\client\release_mod_episodic\hintmessage.obj
c:\sourceproject\justnormal\sp\src\game\client\release_mod_episodic\hud_animationinfo.obj
c:\sourceproject\justnormal\sp\src\game\client\release_mod_episodic\hud_closecaption.obj
c:\sourceproject\justnormal\sp\src\game\client\release_mod_episodic\particles_localspace.obj
c:\sourceproject\justnormal\sp\src\game\client\release_mod_episodic\physics.obj
c:\sourceproject\justnormal\sp\src\game\client\release_mod_episodic\recvproxy.obj
c:\sourceproject\justnormal\sp\src\game\client\release_mod_episodic\sceneentity_shared.obj
c:\sourceproject\justnormal\sp\src\game\client\release_mod_episodic\simple_keys.obj
c:\sourceproject\justnormal\sp\src\game\client\release_mod_episodic\soundparametersinternal.obj
c:\sourceproject\justnormal\sp\src\game\client\release_mod_episodic\sprite.obj
c:\sourceproject\justnormal\sp\src\game\client\release_mod_episodic\train.obj
c:\sourceproject\justnormal\sp\src\game\client\release_mod_episodic\vgui_slideshow_display_screen.obj
c:\sourceproject\justnormal\sp\src\game\client\release_mod_episodic\viewrender.obj
c:\sourceproject\justnormal\sp\src\game\client\release_mod_episodic\death.obj
c:\sourceproject\justnormal\sp\src\game\client\release_mod_episodic\hud_posture.obj
c:\sourceproject\justnormal\sp\src\game\client\release_mod_episodic\in_sixense.obj
c:\sourceproject\justnormal\sp\src\game\client\release_mod_episodic\in_sixense_gesture_bindings.obj
c:\sourceproject\justnormal\sp\src\game\client\release_mod_episodic\c_basetempentity.obj
c:\sourceproject\justnormal\sp\src\game\client\release_mod_episodic\c_movie_explosion.obj
c:\sourceproject\justnormal\sp\src\game\client\release_mod_episodic\c_particle_fire.obj
c:\sourceproject\justnormal\sp\src\game\client\release_mod_episodic\c_recipientfilter.obj
c:\sourceproject\justnormal\sp\src\game\client\release_mod_episodic\c_steamjet.obj
c:\sourceproject\justnormal\sp\src\game\client\release_mod_episodic\c_te_beampoints.obj
c:\sourceproject\justnormal\sp\src\game\client\release_mod_episodic\c_te_bubbletrail.obj
c:\sourceproject\justnormal\sp\src\game\client\release_mod_episodic\c_te_impact.obj
c:\sourceproject\justnormal\sp\src\game\client\release_mod_episodic\c_te_playerdecal.obj
c:\sourceproject\justnormal\sp\src\game\client\release_mod_episodic\alphamaterialproxy.obj
c:\sourceproject\justnormal\sp\src\game\client\release_mod_episodic\baseentity_shared.obj
c:\sourceproject\justnormal\sp\src\game\client\release_mod_episodic\bone_accessor.obj
c:\sourceproject\justnormal\sp\src\game\client\release_mod_episodic\bone_merge_cache.obj
c:\sourceproject\justnormal\sp\src\game\client\release_mod_episodic\c_baseanimatingoverlay.obj
c:\sourceproject\justnormal\sp\src\game\client\release_mod_episodic\c_dynamiclight.obj
c:\sourceproject\justnormal\sp\src\game\client\release_mod_episodic\c_entityparticletrail.obj
c:\sourceproject\justnormal\sp\src\game\client\release_mod_episodic\c_env_projectedtexture.obj
c:\sourceproject\justnormal\sp\src\game\client\release_mod_episodic\c_func_dust.obj
c:\sourceproject\justnormal\sp\src\game\client\release_mod_episodic\c_plasma.obj
c:\sourceproject\justnormal\sp\src\game\client\release_mod_episodic\c_soundscape.obj
c:\sourceproject\justnormal\sp\src\game\client\release_mod_episodic\c_vguiscreen.obj
c:\sourceproject\justnormal\sp\src\game\client\release_mod_episodic\fx_quad.obj
c:\sourceproject\justnormal\sp\src\game\client\release_mod_episodic\gamerules.obj
c:\sourceproject\justnormal\sp\src\game\client\release_mod_episodic\hud_bitmapnumericdisplay.obj
c:\sourceproject\justnormal\sp\src\game\client\release_mod_episodic\hud_msg.obj
c:\sourceproject\justnormal\sp\src\game\client\release_mod_episodic\hud_vehicle.obj
c:\sourceproject\justnormal\sp\src\game\client\release_mod_episodic\particle_proxies.obj
c:\sourceproject\justnormal\sp\src\game\client\release_mod_episodic\particles_ez.obj
c:\sourceproject\justnormal\sp\src\game\client\release_mod_episodic\physics_main_client.obj
c:\sourceproject\justnormal\sp\src\game\client\release_mod_episodic\physpropclientside.obj
c:\sourceproject\justnormal\sp\src\game\client\release_mod_episodic\rope_helpers.obj
c:\sourceproject\justnormal\sp\src\game\client\release_mod_episodic\sequence_transitioner.obj
c:\sourceproject\justnormal\sp\src\game\client\release_mod_episodic\singleplay_gamerules.obj
c:\sourceproject\justnormal\sp\src\game\client\release_mod_episodic\soundenvelope.obj
c:\sourceproject\justnormal\sp\src\game\client\release_mod_episodic\test_ehandle.obj
c:\sourceproject\justnormal\sp\src\game\client\release_mod_episodic\usercmd.obj
c:\sourceproject\justnormal\sp\src\game\client\release_mod_episodic\vgui_bitmapbutton.obj
c:\sourceproject\justnormal\sp\src\game\client\release_mod_episodic\vgui_loadingdiscpanel.obj
c:\sourceproject\justnormal\sp\src\game\client\release_mod_episodic\viewangleanim.obj
c:\sourceproject\justnormal\sp\src\game\client\release_mod_episodic\clientscoreboarddialog.obj
c:\sourceproject\justnormal\sp\src\game\client\release_mod_episodic\c_barnacle.obj
c:\sourceproject\justnormal\sp\src\game\client\release_mod_episodic\c_env_headcrabcanister.obj
c:\sourceproject\justnormal\sp\src\game\client\release_mod_episodic\c_plasma_beam_node.obj
c:\sourceproject\justnormal\sp\src\game\client\release_mod_episodic\c_script_intro.obj
c:\sourceproject\justnormal\sp\src\game\client\release_mod_episodic\c_vehicle_jeep_episodic.obj
c:\sourceproject\justnormal\sp\src\game\client\release_mod_episodic\hud_damageindicator.obj
c:\sourceproject\justnormal\sp\src\game\client\release_mod_episodic\script_intro_shared.obj
c:\sourceproject\justnormal\sp\src\game\client\release_mod_episodic\shieldproxy.obj
c:\sourceproject\justnormal\sp\src\game\client\release_mod_episodic\vgui_rootpanel_hl2.obj
c:\sourceproject\justnormal\sp\src\game\client\release_mod_episodic\sixense_convars.obj
c:\sourceproject\justnormal\sp\src\game\client\release_mod_episodic\c_effects.obj
c:\sourceproject\justnormal\sp\src\game\client\release_mod_episodic\c_te_beamring.obj
c:\sourceproject\justnormal\sp\src\game\client\release_mod_episodic\c_te_clientprojectile.obj
c:\sourceproject\justnormal\sp\src\game\client\release_mod_episodic\c_te_killplayerattachments.obj
c:\sourceproject\justnormal\sp\src\game\client\release_mod_episodic\c_te_smoke.obj
c:\sourceproject\justnormal\sp\src\game\client\release_mod_episodic\particlesphererenderer.obj
c:\sourceproject\justnormal\sp\src\game\client\release_mod_episodic\entity_client_tools.obj
c:\sourceproject\justnormal\sp\src\game\client\release_mod_episodic\achievement_saverestore.obj
c:\sourceproject\justnormal\sp\src\game\client\release_mod_episodic\animatespecifictextureproxy.obj
c:\sourceproject\justnormal\sp\src\game\client\release_mod_episodic\baseparticleentity.obj
c:\sourceproject\justnormal\sp\src\game\client\release_mod_episodic\baseprojectile.obj
c:\sourceproject\justnormal\sp\src\game\client\release_mod_episodic\c_ai_basehumanoid.obj
c:\sourceproject\justnormal\sp\src\game\client\release_mod_episodic\c_baseanimating.obj
c:\sourceproject\justnormal\sp\src\game\client\release_mod_episodic\c_test_proxytoggle.obj
c:\sourceproject\justnormal\sp\src\game\client\release_mod_episodic\c_vote_controller.obj
c:\sourceproject\justnormal\sp\src\game\client\release_mod_episodic\dummyproxy.obj
c:\sourceproject\justnormal\sp\src\game\client\release_mod_episodic\effect_dispatch_data.obj
c:\sourceproject\justnormal\sp\src\game\client\release_mod_episodic\effectsclient.obj
c:\sourceproject\justnormal\sp\src\game\client\release_mod_episodic\env_wind_shared.obj
c:\sourceproject\justnormal\sp\src\game\client\release_mod_episodic\fx_fleck.obj
c:\sourceproject\justnormal\sp\src\game\client\release_mod_episodic\fx_tracer.obj
c:\sourceproject\justnormal\sp\src\game\client\release_mod_episodic\gamestats.obj
c:\sourceproject\justnormal\sp\src\game\client\release_mod_episodic\hud_hintdisplay.obj
c:\sourceproject\justnormal\sp\src\game\client\release_mod_episodic\mathproxy.obj
c:\sourceproject\justnormal\sp\src\game\client\release_mod_episodic\panelmetaclassmgr.obj
c:\sourceproject\justnormal\sp\src\game\client\release_mod_episodic\screenspaceeffects.obj
c:\sourceproject\justnormal\sp\src\game\client\release_mod_episodic\studio_shared.obj
c:\sourceproject\justnormal\sp\src\game\client\release_mod_episodic\studio_stats.obj
c:\sourceproject\justnormal\sp\src\game\client\release_mod_episodic\vgui_game_viewport.obj
c:\sourceproject\justnormal\sp\src\game\client\release_mod_episodic\vgui_grid.obj
c:\sourceproject\justnormal\sp\src\game\client\release_mod_episodic\view_beams.obj
c:\sourceproject\justnormal\sp\src\game\client\release_mod_episodic\viewpostprocess.obj
c:\sourceproject\justnormal\sp\src\game\client\release_mod_episodic\intromenu.obj
c:\sourceproject\justnormal\sp\src\game\client\release_mod_episodic\c_antlion_dust.obj
c:\sourceproject\justnormal\sp\src\game\client\release_mod_episodic\c_barney.obj
c:\sourceproject\justnormal\sp\src\game\client\release_mod_episodic\c_citadel_effects.obj
c:\sourceproject\justnormal\sp\src\game\client\release_mod_episodic\c_env_starfield.obj
c:\sourceproject\justnormal\sp\src\game\client\release_mod_episodic\c_npc_puppet.obj
c:\sourceproject\justnormal\sp\src\game\client\release_mod_episodic\c_rotorwash.obj
c:\sourceproject\justnormal\sp\src\game\client\release_mod_episodic\c_vehicle_cannon.obj
c:\sourceproject\justnormal\sp\src\game\client\release_mod_episodic\c_weapon_physcannon.obj
c:\sourceproject\justnormal\sp\src\game\client\release_mod_episodic\flesh_internal_material_proxy.obj
c:\sourceproject\justnormal\sp\src\game\client\release_mod_episodic\hl_gamemovement.obj
c:\sourceproject\justnormal\sp\src\game\client\release_mod_episodic\hud_poisondamageindicator.obj
c:\sourceproject\justnormal\sp\src\game\client\release_mod_episodic\survival_gamerules.obj
c:\sourceproject\justnormal\sp\src\game\client\release_mod_episodic\c_particle_smokegrenade.obj
c:\sourceproject\justnormal\sp\src\game\client\release_mod_episodic\c_stickybolt.obj
c:\sourceproject\justnormal\sp\src\game\client\release_mod_episodic\c_te_bspdecal.obj
c:\sourceproject\justnormal\sp\src\game\client\release_mod_episodic\c_te_glassshatter.obj
c:\sourceproject\justnormal\sp\src\game\client\release_mod_episodic\c_te_worlddecal.obj
c:\sourceproject\justnormal\sp\src\game\client\release_mod_episodic\toolframework_client.obj
c:\sourceproject\justnormal\sp\src\game\client\release_mod_episodic\crtmemdebug.obj
c:\sourceproject\justnormal\sp\src\game\client\release_mod_episodic\interval.obj
c:\sourceproject\justnormal\sp\src\game\client\release_mod_episodic\mumble.obj
c:\sourceproject\justnormal\sp\src\game\client\release_mod_episodic\hud_lcd.obj
c:\sourceproject\justnormal\sp\src\game\client\release_mod_episodic\compiledcaptionswap.obj
c:\sourceproject\justnormal\sp\src\game\client\release_mod_episodic\rope_physics.obj
c:\sourceproject\justnormal\sp\src\game\client\release_mod_episodic\simple_physics.obj
c:\sourceproject\justnormal\sp\src\game\client\release_mod_episodic\collisionutils.obj
c:\sourceproject\justnormal\sp\src\game\client\release_mod_episodic\randoverride.obj
c:\sourceproject\justnormal\sp\src\game\client\release_mod_episodic\scratchpadutils.obj
c:\sourceproject\justnormal\sp\src\game\client\release_mod_episodic\stringregistry.obj
c:\sourceproject\justnormal\sp\src\game\client\release_mod_episodic\filesystem_helpers.obj
c:\sourceproject\justnormal\sp\src\game\client\release_mod_episodic\renamed_recvtable_compat.obj
c:\sourceproject\justnormal\sp\src\game\client\release_mod_episodic\scratchpad3d.obj
c:\sourceproject\justnormal\sp\src\game\client\release_mod_episodic\client_class.obj
c:\sourceproject\justnormal\sp\src\game\client\release_mod_episodic\sheetsimulator.obj
c:\sourceproject\justnormal\sp\src\game\client\release_mod_episodic\dt_utlvector_common.obj
c:\sourceproject\justnormal\sp\src\game\client\release_mod_episodic\networkvar.obj
c:\sourceproject\justnormal\sp\src\game\client\release_mod_episodic\posedebugger.obj
c:\sourceproject\justnormal\sp\src\game\client\release_mod_episodic\in_mouse.obj
c:\sourceproject\justnormal\sp\src\game\client\release_mod_episodic\bone_setup.obj
c:\sourceproject\justnormal\sp\src\game\client\release_mod_episodic\vallocator.obj
c:\sourceproject\justnormal\sp\src\game\client\release_mod_episodic\interpolatortypes.obj
c:\sourceproject\justnormal\sp\src\game\client\release_mod_episodic\jigglebones.obj
c:\sourceproject\justnormal\sp\src\game\client\release_mod_episodic\dt_recv.obj
c:\sourceproject\justnormal\sp\src\game\client\release_mod_episodic\language.obj
c:\sourceproject\justnormal\sp\src\game\client\release_mod_episodic\rendertexture.obj
c:\sourceproject\justnormal\sp\src\game\client\release_mod_episodic\studio.obj
c:\sourceproject\justnormal\sp\src\game\client\release_mod_episodic\dt_utlvector_recv.obj
c:\sourceproject\justnormal\sp\src\game\client\release_mod_episodic\memoverride.obj
c:\sourceproject\justnormal\sp\src\game\client\release_mod_episodic\sentence.obj
c:\sourceproject\justnormal\sp\src\game\client\release_mod_episodic\vgui_controls.obj
c:\sourceproject\justnormal\sp\src\game\client\release_mod_episodic\client.lib
c:\sourceproject\justnormal\sp\src\game\client\release_mod_episodic\client.exp
c:\sourceproject\justnormal\sp\src\game\client\release_mod_episodic\pointeroverride.obj
c:\sourceproject\justnormal\sp\src\game\client\client_episodic.vpc.sentinel
c:\sourceproject\justnormal\sp\src\game\client\release_mod_episodic\client.dll
c:\sourceproject\justnormal\sp\src\game\client\release_mod_episodic\client.pdb
c:\sourceproject\justnormal\sp\src\game\client\.\release_mod_episodic\client.dll
c:\sourceproject\justnormal\sp\src\game\client\release_mod_episodic\client (.353a799f.tlog\cl.command.1.tlog
c:\sourceproject\justnormal\sp\src\game\client\release_mod_episodic\client (.353a799f.tlog\cl.read.1.tlog
c:\sourceproject\justnormal\sp\src\game\client\release_mod_episodic\client (.353a799f.tlog\cl.write.1.tlog
c:\sourceproject\justnormal\sp\src\game\client\release_mod_episodic\client (.353a799f.tlog\client (episodic).write.1u.tlog
c:\sourceproject\justnormal\sp\src\game\client\release_mod_episodic\client (.353a799f.tlog\custombuild.command.1.tlog
c:\sourceproject\justnormal\sp\src\game\client\release_mod_episodic\client (.353a799f.tlog\custombuild.read.1.tlog
c:\sourceproject\justnormal\sp\src\game\client\release_mod_episodic\client (.353a799f.tlog\custombuild.write.1.tlog
c:\sourceproject\justnormal\sp\src\game\client\release_mod_episodic\client (.353a799f.tlog\link.command.1.tlog
c:\sourceproject\justnormal\sp\src\game\client\release_mod_episodic\client (.353a799f.tlog\link.read.1.tlog
c:\sourceproject\justnormal\sp\src\game\client\release_mod_episodic\client (.353a799f.tlog\link.write.1.tlog
